Loading plugins phase: Elapsed time ==> 0s.209ms
<CYPRESSTAG name="CyDsfit arguments...">
cydsfit arguments: -.fdsnotice -.fdswarpdepfile=warp_dependencies.txt -.fdselabdepfile=elab_dependencies.txt -.fdsbldfile=generated_files.txt -.fdsreffile=referenced_files.txt -p C:\Users\Kurty\Documents\Ultrasonic GitHub (TRC3500)\Ultrasonic-PSoC\Ultrasonic Sensor Workspace\Ultrasonic Distance Meter.cydsn\Ultrasonic Distance Meter.cyprj -d CY8C5888LTI-LP097 -s C:\Users\Kurty\Documents\Ultrasonic GitHub (TRC3500)\Ultrasonic-PSoC\Ultrasonic Sensor Workspace\Ultrasonic Distance Meter.cydsn\Generated_Source\PSoC5 -- -yv2 -q10 -ygs -o2 -v3 -.fftcfgtype=LE
</CYPRESSTAG>
<CYPRESSTAG name="Design elaboration results...">
</CYPRESSTAG>
Elaboration phase: Elapsed time ==> 2s.413ms
<CYPRESSTAG name="HDL generation results...">
</CYPRESSTAG>
HDL generation phase: Elapsed time ==> 0s.072ms
<CYPRESSTAG name="Synthesis results...">

     | | | | | | |
   _________________
  -|               |-
  -|               |-
  -|               |-
  -|    CYPRESS    |-
  -|               |-
  -|               |-   Warp Verilog Synthesis Compiler: Version 6.3 IR 41
  -|               |-   Copyright (C) 1991-2001 Cypress Semiconductor
   |_______________|
     | | | | | | |

======================================================================
Compiling:  Ultrasonic Distance Meter.v
Program  :   C:\Program Files (x86)\Cypress\PSoC Creator\4.4\PSoC Creator\warp\bin\warp.exe
Options  :    -yv2 -q10 -ygs -o2 -v3 -.fftcfgtype=LE -ya -.fftprj=C:\Users\Kurty\Documents\Ultrasonic GitHub (TRC3500)\Ultrasonic-PSoC\Ultrasonic Sensor Workspace\Ultrasonic Distance Meter.cydsn\Ultrasonic Distance Meter.cyprj -dcpsoc3 Ultrasonic Distance Meter.v -verilog
======================================================================

======================================================================
Compiling:  Ultrasonic Distance Meter.v
Program  :   C:\Program Files (x86)\Cypress\PSoC Creator\4.4\PSoC Creator\warp\bin\warp.exe
Options  :    -yv2 -q10 -ygs -o2 -v3 -.fftcfgtype=LE -ya -.fftprj=C:\Users\Kurty\Documents\Ultrasonic GitHub (TRC3500)\Ultrasonic-PSoC\Ultrasonic Sensor Workspace\Ultrasonic Distance Meter.cydsn\Ultrasonic Distance Meter.cyprj -dcpsoc3 Ultrasonic Distance Meter.v -verilog
======================================================================

======================================================================
Compiling:  Ultrasonic Distance Meter.v
Program  :   vlogfe
Options  :    -yv2 -q10 -ygs -o2 -v3 -.fftcfgtype=LE -ya -.fftprj=C:\Users\Kurty\Documents\Ultrasonic GitHub (TRC3500)\Ultrasonic-PSoC\Ultrasonic Sensor Workspace\Ultrasonic Distance Meter.cydsn\Ultrasonic Distance Meter.cyprj -dcpsoc3 -verilog Ultrasonic Distance Meter.v
======================================================================

vlogfe V6.3 IR 41:  Verilog parser
Wed Apr 21 01:32:05 2021


======================================================================
Compiling:  Ultrasonic Distance Meter.v
Program  :   vpp
Options  :    -yv2 -q10 Ultrasonic Distance Meter.v
======================================================================

vpp V6.3 IR 41:  Verilog Pre-Processor
Wed Apr 21 01:32:05 2021

Flattening file 'C:\Program Files (x86)\Cypress\PSoC Creator\4.4\PSoC Creator\psoc\content\CyPrimitives\cyprimitives.cylib\and_v1_0\and_v1_0.v'
Flattening file 'C:\Program Files (x86)\Cypress\PSoC Creator\4.4\PSoC Creator\psoc\content\CyPrimitives\cyprimitives.cylib\not_v1_0\not_v1_0.v'
Flattening file 'C:\Program Files (x86)\Cypress\PSoC Creator\4.4\PSoC Creator\psoc\content\CyComponentLibrary\CyComponentLibrary.cylib\Count7_v1_0\Count7_v1_0.v'
Flattening file 'C:\Program Files (x86)\Cypress\PSoC Creator\4.4\PSoC Creator\warp\lib\common\cypress.v'
Flattening file 'C:\Program Files (x86)\Cypress\PSoC Creator\4.4\PSoC Creator\warp\lib\common\cy_psoc3_inc.v'
Flattening file 'C:\Program Files (x86)\Cypress\PSoC Creator\4.4\PSoC Creator\psoc\content\CyPrimitives\cyprimitives.cylib\CyControlReg_v1_80\CyControlReg_v1_80.v'
Flattening file 'C:\Program Files (x86)\Cypress\PSoC Creator\4.4\PSoC Creator\warp\lib\common\cypress.v'
Flattening file 'C:\Program Files (x86)\Cypress\PSoC Creator\4.4\PSoC Creator\psoc\content\CyPrimitives\cyprimitives.cylib\cy_analog_virtualmux_v1_0\cy_analog_virtualmux_v1_0.v'
Flattening file 'C:\Program Files (x86)\Cypress\PSoC Creator\4.4\PSoC Creator\psoc\content\CyPrimitives\cyprimitives.cylib\ZeroTerminal\ZeroTerminal.v'
Flattening file 'C:\Program Files (x86)\Cypress\PSoC Creator\4.4\PSoC Creator\psoc\content\CyPrimitives\cyprimitives.cylib\cy_vref_v1_70\cy_vref_v1_70.v'
Flattening file 'C:\Program Files (x86)\Cypress\PSoC Creator\4.4\PSoC Creator\psoc\content\CyPrimitives\cyprimitives.cylib\cy_virtualmux_v1_0\cy_virtualmux_v1_0.v'
Flattening file 'C:\Program Files (x86)\Cypress\PSoC Creator\4.4\PSoC Creator\psoc\content\CyPrimitives\cyprimitives.cylib\OneTerminal\OneTerminal.v'

vpp:  No errors.

Library 'work' => directory 'lcpsoc3'
General_symbol_table
General_symbol_table
Linking 'C:\Program Files (x86)\Cypress\PSoC Creator\4.4\PSoC Creator\warp\lib\common\std.vhd'.
Linking 'C:\Program Files (x86)\Cypress\PSoC Creator\4.4\PSoC Creator\warp\lib\common\cypress.vhd'.
Linking 'C:\Program Files (x86)\Cypress\PSoC Creator\4.4\PSoC Creator\warp\lib\common\work\cypress.vif'.
Linking 'C:\Program Files (x86)\Cypress\PSoC Creator\4.4\PSoC Creator\warp\lib\ieee\work\stdlogic.vif'.
Linking 'C:\Program Files (x86)\Cypress\PSoC Creator\4.4\PSoC Creator\warp\lib\common\stdlogic\lpmpkg.vif'.
Linking 'C:\Program Files (x86)\Cypress\PSoC Creator\4.4\PSoC Creator\warp\lib\common\stdlogic\rtlpkg.vif'.
Linking 'C:\Program Files (x86)\Cypress\PSoC Creator\4.4\PSoC Creator\warp\lib\common\stdlogic\mod_cnst.vif'.
Linking 'C:\Program Files (x86)\Cypress\PSoC Creator\4.4\PSoC Creator\warp\lib\common\stdlogic\mod_mthv.vif'.
Linking 'C:\Program Files (x86)\Cypress\PSoC Creator\4.4\PSoC Creator\warp\lib\common\stdlogic\mod_genv.vif'.
Using control file 'Ultrasonic Distance Meter.ctl'.

vlogfe:  No errors.


======================================================================
Compiling:  Ultrasonic Distance Meter.v
Program  :   tovif
Options  :    -yv2 -q10 -ygs -o2 -v3 -.fftcfgtype=LE -ya -.fftprj=C:\Users\Kurty\Documents\Ultrasonic GitHub (TRC3500)\Ultrasonic-PSoC\Ultrasonic Sensor Workspace\Ultrasonic Distance Meter.cydsn\Ultrasonic Distance Meter.cyprj -dcpsoc3 -verilog Ultrasonic Distance Meter.v
======================================================================

tovif V6.3 IR 41:  High-level synthesis
Wed Apr 21 01:32:05 2021

Linking 'C:\Program Files (x86)\Cypress\PSoC Creator\4.4\PSoC Creator\warp\lib\common\std.vhd'.
Linking 'C:\Program Files (x86)\Cypress\PSoC Creator\4.4\PSoC Creator\warp\lib\common\cypress.vhd'.
Linking 'C:\Program Files (x86)\Cypress\PSoC Creator\4.4\PSoC Creator\warp\lib\common\work\cypress.vif'.
Linking 'C:\Program Files (x86)\Cypress\PSoC Creator\4.4\PSoC Creator\warp\lib\ieee\work\stdlogic.vif'.
Linking 'C:\Program Files (x86)\Cypress\PSoC Creator\4.4\PSoC Creator\warp\lib\common\stdlogic\lpmpkg.vif'.
Linking 'C:\Program Files (x86)\Cypress\PSoC Creator\4.4\PSoC Creator\warp\lib\common\stdlogic\rtlpkg.vif'.
Linking 'C:\Program Files (x86)\Cypress\PSoC Creator\4.4\PSoC Creator\warp\lib\common\stdlogic\mod_cnst.vif'.
Linking 'C:\Program Files (x86)\Cypress\PSoC Creator\4.4\PSoC Creator\warp\lib\common\stdlogic\mod_mthv.vif'.
Linking 'C:\Program Files (x86)\Cypress\PSoC Creator\4.4\PSoC Creator\warp\lib\common\stdlogic\mod_genv.vif'.
Linking 'C:\Users\Kurty\Documents\Ultrasonic GitHub (TRC3500)\Ultrasonic-PSoC\Ultrasonic Sensor Workspace\Ultrasonic Distance Meter.cydsn\codegentemp\Ultrasonic Distance Meter.ctl'.
Linking 'C:\Program Files (x86)\Cypress\PSoC Creator\4.4\PSoC Creator\psoc\content\CyPrimitives\cyprimitives.cylib\and_v1_0\and_v1_0.v'.
Linking 'C:\Users\Kurty\Documents\Ultrasonic GitHub (TRC3500)\Ultrasonic-PSoC\Ultrasonic Sensor Workspace\Ultrasonic Distance Meter.cydsn\codegentemp\Ultrasonic Distance Meter.v'.
Linking 'C:\Program Files (x86)\Cypress\PSoC Creator\4.4\PSoC Creator\psoc\content\CyPrimitives\cyprimitives.cylib\not_v1_0\not_v1_0.v'.
Linking 'C:\Program Files (x86)\Cypress\PSoC Creator\4.4\PSoC Creator\psoc\content\CyComponentLibrary\CyComponentLibrary.cylib\Count7_v1_0\Count7_v1_0.v'.
Linking 'C:\Program Files (x86)\Cypress\PSoC Creator\4.4\PSoC Creator\warp\lib\common\cypress.v'.
Linking 'C:\Program Files (x86)\Cypress\PSoC Creator\4.4\PSoC Creator\warp\lib\common\cy_psoc3_inc.v'.
Linking 'C:\Program Files (x86)\Cypress\PSoC Creator\4.4\PSoC Creator\psoc\content\CyPrimitives\cyprimitives.cylib\CyControlReg_v1_80\CyControlReg_v1_80.v'.
Linking 'C:\Program Files (x86)\Cypress\PSoC Creator\4.4\PSoC Creator\psoc\content\CyPrimitives\cyprimitives.cylib\cy_analog_virtualmux_v1_0\cy_analog_virtualmux_v1_0.v'.
Linking 'C:\Program Files (x86)\Cypress\PSoC Creator\4.4\PSoC Creator\psoc\content\CyPrimitives\cyprimitives.cylib\ZeroTerminal\ZeroTerminal.v'.
Linking 'C:\Program Files (x86)\Cypress\PSoC Creator\4.4\PSoC Creator\psoc\content\CyPrimitives\cyprimitives.cylib\cy_vref_v1_70\cy_vref_v1_70.v'.
Linking 'C:\Program Files (x86)\Cypress\PSoC Creator\4.4\PSoC Creator\psoc\content\CyPrimitives\cyprimitives.cylib\cy_virtualmux_v1_0\cy_virtualmux_v1_0.v'.
Linking 'C:\Program Files (x86)\Cypress\PSoC Creator\4.4\PSoC Creator\psoc\content\CyPrimitives\cyprimitives.cylib\OneTerminal\OneTerminal.v'.

tovif:  No errors.


======================================================================
Compiling:  Ultrasonic Distance Meter.v
Program  :   topld
Options  :    -yv2 -q10 -ygs -o2 -v3 -.fftcfgtype=LE -ya -.fftprj=C:\Users\Kurty\Documents\Ultrasonic GitHub (TRC3500)\Ultrasonic-PSoC\Ultrasonic Sensor Workspace\Ultrasonic Distance Meter.cydsn\Ultrasonic Distance Meter.cyprj -dcpsoc3 -verilog Ultrasonic Distance Meter.v
======================================================================

topld V6.3 IR 41:  Synthesis and optimization
Wed Apr 21 01:32:05 2021

Linking 'C:\Program Files (x86)\Cypress\PSoC Creator\4.4\PSoC Creator\warp\lib\common\std.vhd'.
Linking 'C:\Program Files (x86)\Cypress\PSoC Creator\4.4\PSoC Creator\warp\lib\common\cypress.vhd'.
Linking 'C:\Program Files (x86)\Cypress\PSoC Creator\4.4\PSoC Creator\warp\lib\common\work\cypress.vif'.
Linking 'C:\Program Files (x86)\Cypress\PSoC Creator\4.4\PSoC Creator\warp\lib\ieee\work\stdlogic.vif'.
Linking 'C:\Program Files (x86)\Cypress\PSoC Creator\4.4\PSoC Creator\warp\lib\common\stdlogic\lpmpkg.vif'.
Linking 'C:\Program Files (x86)\Cypress\PSoC Creator\4.4\PSoC Creator\warp\lib\common\stdlogic\rtlpkg.vif'.
Linking 'C:\Program Files (x86)\Cypress\PSoC Creator\4.4\PSoC Creator\warp\lib\common\stdlogic\mod_cnst.vif'.
Linking 'C:\Program Files (x86)\Cypress\PSoC Creator\4.4\PSoC Creator\warp\lib\common\stdlogic\mod_mthv.vif'.
Linking 'C:\Program Files (x86)\Cypress\PSoC Creator\4.4\PSoC Creator\warp\lib\common\stdlogic\mod_genv.vif'.
Linking 'C:\Users\Kurty\Documents\Ultrasonic GitHub (TRC3500)\Ultrasonic-PSoC\Ultrasonic Sensor Workspace\Ultrasonic Distance Meter.cydsn\codegentemp\Ultrasonic Distance Meter.ctl'.
Linking 'C:\Program Files (x86)\Cypress\PSoC Creator\4.4\PSoC Creator\psoc\content\CyPrimitives\cyprimitives.cylib\and_v1_0\and_v1_0.v'.
Linking 'C:\Users\Kurty\Documents\Ultrasonic GitHub (TRC3500)\Ultrasonic-PSoC\Ultrasonic Sensor Workspace\Ultrasonic Distance Meter.cydsn\codegentemp\Ultrasonic Distance Meter.v'.
Linking 'C:\Program Files (x86)\Cypress\PSoC Creator\4.4\PSoC Creator\psoc\content\CyPrimitives\cyprimitives.cylib\not_v1_0\not_v1_0.v'.
Linking 'C:\Program Files (x86)\Cypress\PSoC Creator\4.4\PSoC Creator\psoc\content\CyComponentLibrary\CyComponentLibrary.cylib\Count7_v1_0\Count7_v1_0.v'.
Linking 'C:\Program Files (x86)\Cypress\PSoC Creator\4.4\PSoC Creator\warp\lib\common\cypress.v'.
Linking 'C:\Program Files (x86)\Cypress\PSoC Creator\4.4\PSoC Creator\warp\lib\common\cy_psoc3_inc.v'.
Linking 'C:\Program Files (x86)\Cypress\PSoC Creator\4.4\PSoC Creator\psoc\content\CyPrimitives\cyprimitives.cylib\CyControlReg_v1_80\CyControlReg_v1_80.v'.
Linking 'C:\Program Files (x86)\Cypress\PSoC Creator\4.4\PSoC Creator\psoc\content\CyPrimitives\cyprimitives.cylib\cy_analog_virtualmux_v1_0\cy_analog_virtualmux_v1_0.v'.
Linking 'C:\Program Files (x86)\Cypress\PSoC Creator\4.4\PSoC Creator\psoc\content\CyPrimitives\cyprimitives.cylib\ZeroTerminal\ZeroTerminal.v'.
Linking 'C:\Program Files (x86)\Cypress\PSoC Creator\4.4\PSoC Creator\psoc\content\CyPrimitives\cyprimitives.cylib\cy_vref_v1_70\cy_vref_v1_70.v'.
Linking 'C:\Program Files (x86)\Cypress\PSoC Creator\4.4\PSoC Creator\psoc\content\CyPrimitives\cyprimitives.cylib\cy_virtualmux_v1_0\cy_virtualmux_v1_0.v'.
Linking 'C:\Program Files (x86)\Cypress\PSoC Creator\4.4\PSoC Creator\psoc\content\CyPrimitives\cyprimitives.cylib\OneTerminal\OneTerminal.v'.
Linking 'C:\Program Files (x86)\Cypress\PSoC Creator\4.4\PSoC Creator\warp\lib\lcpsoc3\stdlogic\cpsoc3.vif'.

----------------------------------------------------------
Detecting unused logic.
----------------------------------------------------------
    User names
	Net_28
	Net_18
	Net_19
	Net_20
	Net_22
	Net_23
	Net_24
	Net_25
	\Comp_1:Net_9\
	Net_66
	Net_97
	Net_98
	Net_99
	Net_100
	Net_140
	Net_141
	Net_142
	Net_143
	Net_144
	Net_145
	Net_146


Deleted 21 User equations/components.
Deleted 0 Synthesized equations/components.

------------------------------------------------------
Alias Detection
------------------------------------------------------
Aliasing \Ultrasonic_Set_Reg:clk\ to zero
Aliasing \Ultrasonic_Set_Reg:rst\ to zero
Aliasing one to tmpOE__TX_1_net_0
Aliasing tmpOE__TX_2_net_0 to tmpOE__TX_1_net_0
Aliasing tmpOE__RX_1_net_0 to tmpOE__TX_1_net_0
Aliasing \PGA_1:Net_37\ to zero
Aliasing \PGA_1:Net_40\ to zero
Aliasing \PGA_1:Net_38\ to zero
Aliasing \PGA_1:Net_39\ to zero
Aliasing \VDAC8_1:Net_83\ to zero
Aliasing \VDAC8_1:Net_81\ to zero
Aliasing \VDAC8_1:Net_82\ to zero
Aliasing \Comp_1:clock\ to zero
Aliasing \Flight_Timer:Net_260\ to zero
Aliasing \Flight_Timer:Net_102\ to tmpOE__TX_1_net_0
Aliasing tmpOE__RX_Tie_High_net_0 to tmpOE__TX_1_net_0
Aliasing tmpOE__Seven_Segment_net_6 to tmpOE__TX_1_net_0
Aliasing tmpOE__Seven_Segment_net_5 to tmpOE__TX_1_net_0
Aliasing tmpOE__Seven_Segment_net_4 to tmpOE__TX_1_net_0
Aliasing tmpOE__Seven_Segment_net_3 to tmpOE__TX_1_net_0
Aliasing tmpOE__Seven_Segment_net_2 to tmpOE__TX_1_net_0
Aliasing tmpOE__Seven_Segment_net_1 to tmpOE__TX_1_net_0
Aliasing tmpOE__Seven_Segment_net_0 to tmpOE__TX_1_net_0
Aliasing tmpOE__Decimal_place_net_0 to tmpOE__TX_1_net_0
Aliasing tmpOE__Digit_0_net_0 to tmpOE__TX_1_net_0
Aliasing tmpOE__Digit_1_net_0 to tmpOE__TX_1_net_0
Aliasing tmpOE__Digit_2_net_0 to tmpOE__TX_1_net_0
Aliasing tmpOE__Digit_3_net_0 to tmpOE__TX_1_net_0
Aliasing \Digit_Reg:clk\ to zero
Aliasing \Digit_Reg:rst\ to zero
Aliasing \Seven_Segment_Reg:clk\ to zero
Aliasing \Seven_Segment_Reg:rst\ to zero
Aliasing \Flight_Timer_Reset_Reg:clk\ to zero
Aliasing \Flight_Timer_Reset_Reg:rst\ to zero
Removing Lhs of wire Net_8[2] = Net_148[1]
Removing Rhs of wire Net_15[7] = \Ultrasonic_Set_Reg:control_out_0\[18]
Removing Rhs of wire Net_15[7] = \Ultrasonic_Set_Reg:control_0\[41]
Removing Lhs of wire \Ultrasonic_Set_Reg:clk\[16] = zero[8]
Removing Lhs of wire \Ultrasonic_Set_Reg:rst\[17] = zero[8]
Removing Lhs of wire one[47] = tmpOE__TX_1_net_0[43]
Removing Lhs of wire tmpOE__TX_2_net_0[50] = tmpOE__TX_1_net_0[43]
Removing Lhs of wire tmpOE__RX_1_net_0[61] = tmpOE__TX_1_net_0[43]
Removing Lhs of wire \PGA_1:Net_37\[69] = zero[8]
Removing Lhs of wire \PGA_1:Net_40\[70] = zero[8]
Removing Lhs of wire \PGA_1:Net_38\[71] = zero[8]
Removing Lhs of wire \PGA_1:Net_39\[72] = zero[8]
Removing Lhs of wire \VDAC8_1:Net_83\[80] = zero[8]
Removing Lhs of wire \VDAC8_1:Net_81\[81] = zero[8]
Removing Lhs of wire \VDAC8_1:Net_82\[82] = zero[8]
Removing Lhs of wire \Comp_1:clock\[87] = zero[8]
Removing Rhs of wire Net_137[89] = \Comp_1:Net_1\[88]
Removing Lhs of wire \Flight_Timer:Net_260\[94] = zero[8]
Removing Lhs of wire \Flight_Timer:Net_266\[95] = tmpOE__TX_1_net_0[43]
Removing Rhs of wire Net_12[96] = \Flight_Timer_Reset_Reg:control_out_0\[220]
Removing Rhs of wire Net_12[96] = \Flight_Timer_Reset_Reg:control_0\[243]
Removing Rhs of wire Net_62[100] = \Flight_Timer:Net_57\[99]
Removing Lhs of wire \Flight_Timer:Net_102\[102] = tmpOE__TX_1_net_0[43]
Removing Lhs of wire tmpOE__RX_Tie_High_net_0[104] = tmpOE__TX_1_net_0[43]
Removing Lhs of wire tmpOE__Seven_Segment_net_6[111] = tmpOE__TX_1_net_0[43]
Removing Lhs of wire tmpOE__Seven_Segment_net_5[112] = tmpOE__TX_1_net_0[43]
Removing Lhs of wire tmpOE__Seven_Segment_net_4[113] = tmpOE__TX_1_net_0[43]
Removing Lhs of wire tmpOE__Seven_Segment_net_3[114] = tmpOE__TX_1_net_0[43]
Removing Lhs of wire tmpOE__Seven_Segment_net_2[115] = tmpOE__TX_1_net_0[43]
Removing Lhs of wire tmpOE__Seven_Segment_net_1[116] = tmpOE__TX_1_net_0[43]
Removing Lhs of wire tmpOE__Seven_Segment_net_0[117] = tmpOE__TX_1_net_0[43]
Removing Rhs of wire Net_86[118] = \Seven_Segment_Reg:control_out_6\[207]
Removing Rhs of wire Net_86[118] = \Seven_Segment_Reg:control_6\[211]
Removing Rhs of wire Net_85[119] = \Seven_Segment_Reg:control_out_5\[206]
Removing Rhs of wire Net_85[119] = \Seven_Segment_Reg:control_5\[212]
Removing Rhs of wire Net_84[120] = \Seven_Segment_Reg:control_out_4\[205]
Removing Rhs of wire Net_84[120] = \Seven_Segment_Reg:control_4\[213]
Removing Rhs of wire Net_83[121] = \Seven_Segment_Reg:control_out_3\[204]
Removing Rhs of wire Net_83[121] = \Seven_Segment_Reg:control_3\[214]
Removing Rhs of wire Net_82[122] = \Seven_Segment_Reg:control_out_2\[203]
Removing Rhs of wire Net_82[122] = \Seven_Segment_Reg:control_2\[215]
Removing Rhs of wire Net_81[123] = \Seven_Segment_Reg:control_out_1\[202]
Removing Rhs of wire Net_81[123] = \Seven_Segment_Reg:control_1\[216]
Removing Rhs of wire Net_80[124] = \Seven_Segment_Reg:control_out_0\[201]
Removing Rhs of wire Net_80[124] = \Seven_Segment_Reg:control_0\[217]
Removing Lhs of wire tmpOE__Decimal_place_net_0[142] = tmpOE__TX_1_net_0[43]
Removing Rhs of wire Net_133[143] = \Seven_Segment_Reg:control_out_7\[208]
Removing Rhs of wire Net_133[143] = \Seven_Segment_Reg:control_7\[210]
Removing Lhs of wire tmpOE__Digit_0_net_0[149] = tmpOE__TX_1_net_0[43]
Removing Rhs of wire Net_89[150] = \Digit_Reg:control_out_0\[178]
Removing Rhs of wire Net_89[150] = \Digit_Reg:control_0\[198]
Removing Lhs of wire tmpOE__Digit_1_net_0[156] = tmpOE__TX_1_net_0[43]
Removing Rhs of wire Net_90[157] = \Digit_Reg:control_out_1\[179]
Removing Rhs of wire Net_90[157] = \Digit_Reg:control_1\[197]
Removing Lhs of wire tmpOE__Digit_2_net_0[163] = tmpOE__TX_1_net_0[43]
Removing Rhs of wire Net_91[164] = \Digit_Reg:control_out_2\[180]
Removing Rhs of wire Net_91[164] = \Digit_Reg:control_2\[196]
Removing Lhs of wire tmpOE__Digit_3_net_0[170] = tmpOE__TX_1_net_0[43]
Removing Rhs of wire Net_92[171] = \Digit_Reg:control_out_3\[181]
Removing Rhs of wire Net_92[171] = \Digit_Reg:control_3\[195]
Removing Lhs of wire \Digit_Reg:clk\[176] = zero[8]
Removing Lhs of wire \Digit_Reg:rst\[177] = zero[8]
Removing Lhs of wire \Seven_Segment_Reg:clk\[199] = zero[8]
Removing Lhs of wire \Seven_Segment_Reg:rst\[200] = zero[8]
Removing Lhs of wire \Flight_Timer_Reset_Reg:clk\[218] = zero[8]
Removing Lhs of wire \Flight_Timer_Reset_Reg:rst\[219] = zero[8]

------------------------------------------------------
Aliased 0 equations, 66 wires.
------------------------------------------------------

----------------------------------------------------------
Circuit simplification
----------------------------------------------------------

Substituting virtuals - pass 1:


----------------------------------------------------------
Circuit simplification results:

	Expanded 0 signals.
	Turned 0 signals into soft nodes.
	Maximum default expansion cost was set at 3.
----------------------------------------------------------

topld:  No errors.

CYPRESS_DIR    : C:\Program Files (x86)\Cypress\PSoC Creator\4.4\PSoC Creator\warp
Warp Program   : C:\Program Files (x86)\Cypress\PSoC Creator\4.4\PSoC Creator\warp\bin\warp.exe
Warp Arguments : -yv2 -q10 -ygs -o2 -v3 -.fftcfgtype=LE -ya "-.fftprj=C:\Users\Kurty\Documents\Ultrasonic GitHub (TRC3500)\Ultrasonic-PSoC\Ultrasonic Sensor Workspace\Ultrasonic Distance Meter.cydsn\Ultrasonic Distance Meter.cyprj" -dcpsoc3 "Ultrasonic Distance Meter.v" -verilog
</CYPRESSTAG>
Warp synthesis phase: Elapsed time ==> 0s.941ms
<CYPRESSTAG name="Fitter results...">
<CYPRESSTAG name="Fitter startup details...">
cyp3fit: V4.4.0.80, Family: PSoC3, Started at: Wednesday, 21 April 2021 01:32:05
Options: -yv2 -q10 -ygs -o2 -v3 -.fftcfgtype=LE -ya -.fftprj=C:\Users\Kurty\Documents\Ultrasonic GitHub (TRC3500)\Ultrasonic-PSoC\Ultrasonic Sensor Workspace\Ultrasonic Distance Meter.cydsn\Ultrasonic Distance Meter.cyprj -d CY8C5888LTI-LP097 Ultrasonic Distance Meter.v -verilog
</CYPRESSTAG>
<CYPRESSTAG name="Design parsing">
Design parsing phase: Elapsed time ==> 0s.020ms
</CYPRESSTAG>
<CYPRESSTAG name="Tech Mapping">
<CYPRESSTAG name="Initial Mapping" icon="FILE_RPT_TECHM">
<CYPRESSTAG name="Global Clock Selection" icon="FILE_RPT_TECHM">
    Digital Clock 0: Automatic-assigning  clock 'Flight_Timer_Clock'. Fanout=1, Signal=Net_10
    Digital Clock 1: Automatic-assigning  clock 'Ultrasonic_Drive'. Fanout=4, Signal=Net_148
</CYPRESSTAG>
<CYPRESSTAG name="UDB Clock/Enable Remapping Results">
</CYPRESSTAG>
ADD: pft.M0040: information: The following 2 pin(s) will be assigned a location by the fitter: TX_1(0), TX_2(0)


Removing unused cells resulting from optimization
Done removing unused cells.
<CYPRESSTAG name="Duplicate Macrocell detection">
</CYPRESSTAG>
</CYPRESSTAG>
<CYPRESSTAG name="Duplicate Macrocell detection">
</CYPRESSTAG>
<CYPRESSTAG name="Design Equations" icon="FILE_RPT_EQUATION">

------------------------------------------------------------
Design Equations
------------------------------------------------------------
    <CYPRESSTAG name="Pin listing">

    ------------------------------------------------------------
    Pin listing
    ------------------------------------------------------------

    Pin : Name = TX_1(0)
        Attributes:
            In Group/Port: True
            In Sync Option: AUTO
            Out Sync Option: NOSYNC
            Interrupt generated: False
            Interrupt mode: NONE
            Drive mode: CMOS_OUT
            VTrip: EITHER
            Slew: FAST
            Input Sync needed: False
            Output Sync needed: False
            SC shield enabled: False
            POR State: ANY
            LCD Mode: COMMON
            Register Mode: RegComb
            CaSense Mode: NEITHER
            Treat as pin: True
            Is OE Registered: False
            Uses Analog: False
            Can contain Digital: True
            Is SIO: False
            SIO Output Buf: NONREGULATED
            SIO Input Buf: SINGLE_ENDED
            SIO HiFreq: LOW
            SIO Hyst: DISABLED
            SIO Vtrip: MULTIPLIER_0_5
            SIO Multiplier Index: 0
            SIO RefSel: VCC_IO
            Required Capabilities: DIGITAL, ROUTABLE
            Initial Value: 0
            IO Voltage: 0
        PORT MAP (
            pa_out => TX_1(0)__PA ,
            pin_input => Net_148_local ,
            pad => TX_1(0)_PAD );

    Pin : Name = TX_2(0)
        Attributes:
            In Group/Port: True
            In Sync Option: AUTO
            Out Sync Option: NOSYNC
            Interrupt generated: False
            Interrupt mode: NONE
            Drive mode: CMOS_OUT
            VTrip: EITHER
            Slew: FAST
            Input Sync needed: False
            Output Sync needed: False
            SC shield enabled: False
            POR State: ANY
            LCD Mode: COMMON
            Register Mode: RegComb
            CaSense Mode: NEITHER
            Treat as pin: True
            Is OE Registered: False
            Uses Analog: False
            Can contain Digital: True
            Is SIO: False
            SIO Output Buf: NONREGULATED
            SIO Input Buf: SINGLE_ENDED
            SIO HiFreq: LOW
            SIO Hyst: DISABLED
            SIO Vtrip: MULTIPLIER_0_5
            SIO Multiplier Index: 0
            SIO RefSel: VCC_IO
            Required Capabilities: DIGITAL, ROUTABLE
            Initial Value: 0
            IO Voltage: 0
        PORT MAP (
            pa_out => TX_2(0)__PA ,
            pin_input => Net_9 ,
            pad => TX_2(0)_PAD );

    Pin : Name = RX_1(0)
        Attributes:
            In Group/Port: True
            In Sync Option: AUTO
            Out Sync Option: AUTO
            Interrupt generated: False
            Interrupt mode: NONE
            Drive mode: HI_Z_ANALOG
            VTrip: EITHER
            Slew: FAST
            Input Sync needed: False
            Output Sync needed: False
            SC shield enabled: False
            POR State: ANY
            LCD Mode: COMMON
            Register Mode: RegComb
            CaSense Mode: NEITHER
            Treat as pin: True
            Is OE Registered: False
            Uses Analog: True
            Can contain Digital: False
            Is SIO: False
            SIO Output Buf: NONREGULATED
            SIO Input Buf: SINGLE_ENDED
            SIO HiFreq: LOW
            SIO Hyst: DISABLED
            SIO Vtrip: MULTIPLIER_0_5
            SIO Multiplier Index: 0
            SIO RefSel: VCC_IO
            Required Capabilities: ANALOG
            Initial Value: 0
            IO Voltage: 0
        PORT MAP (
            pa_out => RX_1(0)__PA ,
            analog_term => Net_39 ,
            pad => RX_1(0)_PAD );
        Properties:
        {
        }

    Pin : Name = RX_Tie_High(0)
        Attributes:
            In Group/Port: True
            In Sync Option: AUTO
            Out Sync Option: AUTO
            Interrupt generated: False
            Interrupt mode: NONE
            Drive mode: HI_Z_ANALOG
            VTrip: EITHER
            Slew: FAST
            Input Sync needed: False
            Output Sync needed: False
            SC shield enabled: False
            POR State: ANY
            LCD Mode: COMMON
            Register Mode: RegComb
            CaSense Mode: NEITHER
            Treat as pin: True
            Is OE Registered: False
            Uses Analog: True
            Can contain Digital: False
            Is SIO: False
            SIO Output Buf: NONREGULATED
            SIO Input Buf: SINGLE_ENDED
            SIO HiFreq: LOW
            SIO Hyst: DISABLED
            SIO Vtrip: MULTIPLIER_0_5
            SIO Multiplier Index: 0
            SIO RefSel: VCC_IO
            Required Capabilities: ANALOG
            Initial Value: 0
            IO Voltage: 0
        PORT MAP (
            pa_out => RX_Tie_High(0)__PA ,
            analog_term => Net_40 ,
            pad => RX_Tie_High(0)_PAD );
        Properties:
        {
        }

    Pin : Name = Seven_Segment(0)
        Attributes:
            In Group/Port: True
            In Sync Option: AUTO
            Out Sync Option: NOSYNC
            Interrupt generated: False
            Interrupt mode: NONE
            Drive mode: CMOS_OUT
            VTrip: EITHER
            Slew: FAST
            Input Sync needed: False
            Output Sync needed: False
            SC shield enabled: False
            POR State: ANY
            LCD Mode: COMMON
            Register Mode: RegComb
            CaSense Mode: NEITHER
            Treat as pin: False
            Is OE Registered: False
            Uses Analog: False
            Can contain Digital: True
            Is SIO: False
            SIO Output Buf: NONREGULATED
            SIO Input Buf: SINGLE_ENDED
            SIO HiFreq: LOW
            SIO Hyst: DISABLED
            SIO Vtrip: MULTIPLIER_0_5
            SIO Multiplier Index: 0
            SIO RefSel: VCC_IO
            Required Capabilities: DIGITAL, ROUTABLE
            Initial Value: 0
            IO Voltage: 0
        PORT MAP (
            pa_out => Seven_Segment(0)__PA ,
            pin_input => Net_80 ,
            pad => Seven_Segment(0)_PAD );
        Properties:
        {
        }

    Pin : Name = Seven_Segment(1)
        Attributes:
            In Group/Port: True
            In Sync Option: AUTO
            Out Sync Option: NOSYNC
            Interrupt generated: False
            Interrupt mode: NONE
            Drive mode: CMOS_OUT
            VTrip: EITHER
            Slew: FAST
            Input Sync needed: False
            Output Sync needed: False
            SC shield enabled: False
            POR State: ANY
            LCD Mode: COMMON
            Register Mode: RegComb
            CaSense Mode: NEITHER
            Treat as pin: False
            Is OE Registered: False
            Uses Analog: False
            Can contain Digital: True
            Is SIO: False
            SIO Output Buf: NONREGULATED
            SIO Input Buf: SINGLE_ENDED
            SIO HiFreq: LOW
            SIO Hyst: DISABLED
            SIO Vtrip: MULTIPLIER_0_5
            SIO Multiplier Index: 0
            SIO RefSel: VCC_IO
            Required Capabilities: DIGITAL, ROUTABLE
            Initial Value: 0
            IO Voltage: 0
        PORT MAP (
            pa_out => Seven_Segment(1)__PA ,
            pin_input => Net_81 ,
            pad => Seven_Segment(1)_PAD );
        Properties:
        {
        }

    Pin : Name = Seven_Segment(2)
        Attributes:
            In Group/Port: True
            In Sync Option: AUTO
            Out Sync Option: NOSYNC
            Interrupt generated: False
            Interrupt mode: NONE
            Drive mode: CMOS_OUT
            VTrip: EITHER
            Slew: FAST
            Input Sync needed: False
            Output Sync needed: False
            SC shield enabled: False
            POR State: ANY
            LCD Mode: COMMON
            Register Mode: RegComb
            CaSense Mode: NEITHER
            Treat as pin: False
            Is OE Registered: False
            Uses Analog: False
            Can contain Digital: True
            Is SIO: False
            SIO Output Buf: NONREGULATED
            SIO Input Buf: SINGLE_ENDED
            SIO HiFreq: LOW
            SIO Hyst: DISABLED
            SIO Vtrip: MULTIPLIER_0_5
            SIO Multiplier Index: 0
            SIO RefSel: VCC_IO
            Required Capabilities: DIGITAL, ROUTABLE
            Initial Value: 0
            IO Voltage: 0
        PORT MAP (
            pa_out => Seven_Segment(2)__PA ,
            pin_input => Net_82 ,
            pad => Seven_Segment(2)_PAD );
        Properties:
        {
        }

    Pin : Name = Seven_Segment(3)
        Attributes:
            In Group/Port: True
            In Sync Option: AUTO
            Out Sync Option: NOSYNC
            Interrupt generated: False
            Interrupt mode: NONE
            Drive mode: CMOS_OUT
            VTrip: EITHER
            Slew: FAST
            Input Sync needed: False
            Output Sync needed: False
            SC shield enabled: False
            POR State: ANY
            LCD Mode: COMMON
            Register Mode: RegComb
            CaSense Mode: NEITHER
            Treat as pin: False
            Is OE Registered: False
            Uses Analog: False
            Can contain Digital: True
            Is SIO: False
            SIO Output Buf: NONREGULATED
            SIO Input Buf: SINGLE_ENDED
            SIO HiFreq: LOW
            SIO Hyst: DISABLED
            SIO Vtrip: MULTIPLIER_0_5
            SIO Multiplier Index: 0
            SIO RefSel: VCC_IO
            Required Capabilities: DIGITAL, ROUTABLE
            Initial Value: 0
            IO Voltage: 0
        PORT MAP (
            pa_out => Seven_Segment(3)__PA ,
            pin_input => Net_83 ,
            pad => Seven_Segment(3)_PAD );
        Properties:
        {
        }

    Pin : Name = Seven_Segment(4)
        Attributes:
            In Group/Port: True
            In Sync Option: AUTO
            Out Sync Option: NOSYNC
            Interrupt generated: False
            Interrupt mode: NONE
            Drive mode: CMOS_OUT
            VTrip: EITHER
            Slew: FAST
            Input Sync needed: False
            Output Sync needed: False
            SC shield enabled: False
            POR State: ANY
            LCD Mode: COMMON
            Register Mode: RegComb
            CaSense Mode: NEITHER
            Treat as pin: False
            Is OE Registered: False
            Uses Analog: False
            Can contain Digital: True
            Is SIO: False
            SIO Output Buf: NONREGULATED
            SIO Input Buf: SINGLE_ENDED
            SIO HiFreq: LOW
            SIO Hyst: DISABLED
            SIO Vtrip: MULTIPLIER_0_5
            SIO Multiplier Index: 0
            SIO RefSel: VCC_IO
            Required Capabilities: DIGITAL, ROUTABLE
            Initial Value: 0
            IO Voltage: 0
        PORT MAP (
            pa_out => Seven_Segment(4)__PA ,
            pin_input => Net_84 ,
            pad => Seven_Segment(4)_PAD );
        Properties:
        {
        }

    Pin : Name = Seven_Segment(5)
        Attributes:
            In Group/Port: True
            In Sync Option: AUTO
            Out Sync Option: NOSYNC
            Interrupt generated: False
            Interrupt mode: NONE
            Drive mode: CMOS_OUT
            VTrip: EITHER
            Slew: FAST
            Input Sync needed: False
            Output Sync needed: False
            SC shield enabled: False
            POR State: ANY
            LCD Mode: COMMON
            Register Mode: RegComb
            CaSense Mode: NEITHER
            Treat as pin: False
            Is OE Registered: False
            Uses Analog: False
            Can contain Digital: True
            Is SIO: False
            SIO Output Buf: NONREGULATED
            SIO Input Buf: SINGLE_ENDED
            SIO HiFreq: LOW
            SIO Hyst: DISABLED
            SIO Vtrip: MULTIPLIER_0_5
            SIO Multiplier Index: 0
            SIO RefSel: VCC_IO
            Required Capabilities: DIGITAL, ROUTABLE
            Initial Value: 0
            IO Voltage: 0
        PORT MAP (
            pa_out => Seven_Segment(5)__PA ,
            pin_input => Net_85 ,
            pad => Seven_Segment(5)_PAD );
        Properties:
        {
        }

    Pin : Name = Seven_Segment(6)
        Attributes:
            In Group/Port: True
            In Sync Option: AUTO
            Out Sync Option: NOSYNC
            Interrupt generated: False
            Interrupt mode: NONE
            Drive mode: CMOS_OUT
            VTrip: EITHER
            Slew: FAST
            Input Sync needed: False
            Output Sync needed: False
            SC shield enabled: False
            POR State: ANY
            LCD Mode: COMMON
            Register Mode: RegComb
            CaSense Mode: NEITHER
            Treat as pin: False
            Is OE Registered: False
            Uses Analog: False
            Can contain Digital: True
            Is SIO: False
            SIO Output Buf: NONREGULATED
            SIO Input Buf: SINGLE_ENDED
            SIO HiFreq: LOW
            SIO Hyst: DISABLED
            SIO Vtrip: MULTIPLIER_0_5
            SIO Multiplier Index: 0
            SIO RefSel: VCC_IO
            Required Capabilities: DIGITAL, ROUTABLE
            Initial Value: 0
            IO Voltage: 0
        PORT MAP (
            pa_out => Seven_Segment(6)__PA ,
            pin_input => Net_86 ,
            pad => Seven_Segment(6)_PAD );
        Properties:
        {
        }

    Pin : Name = Decimal_place(0)
        Attributes:
            In Group/Port: True
            In Sync Option: AUTO
            Out Sync Option: NOSYNC
            Interrupt generated: False
            Interrupt mode: NONE
            Drive mode: CMOS_OUT
            VTrip: EITHER
            Slew: FAST
            Input Sync needed: False
            Output Sync needed: False
            SC shield enabled: False
            POR State: ANY
            LCD Mode: COMMON
            Register Mode: RegComb
            CaSense Mode: NEITHER
            Treat as pin: True
            Is OE Registered: False
            Uses Analog: False
            Can contain Digital: True
            Is SIO: False
            SIO Output Buf: NONREGULATED
            SIO Input Buf: SINGLE_ENDED
            SIO HiFreq: LOW
            SIO Hyst: DISABLED
            SIO Vtrip: MULTIPLIER_0_5
            SIO Multiplier Index: 0
            SIO RefSel: VCC_IO
            Required Capabilities: DIGITAL, ROUTABLE
            Initial Value: 0
            IO Voltage: 0
        PORT MAP (
            pa_out => Decimal_place(0)__PA ,
            pin_input => Net_133 ,
            pad => Decimal_place(0)_PAD );
        Properties:
        {
        }

    Pin : Name = Digit_0(0)
        Attributes:
            In Group/Port: True
            In Sync Option: AUTO
            Out Sync Option: NOSYNC
            Interrupt generated: False
            Interrupt mode: NONE
            Drive mode: CMOS_OUT
            VTrip: EITHER
            Slew: FAST
            Input Sync needed: False
            Output Sync needed: False
            SC shield enabled: False
            POR State: ANY
            LCD Mode: COMMON
            Register Mode: RegComb
            CaSense Mode: NEITHER
            Treat as pin: True
            Is OE Registered: False
            Uses Analog: False
            Can contain Digital: True
            Is SIO: False
            SIO Output Buf: NONREGULATED
            SIO Input Buf: SINGLE_ENDED
            SIO HiFreq: LOW
            SIO Hyst: DISABLED
            SIO Vtrip: MULTIPLIER_0_5
            SIO Multiplier Index: 0
            SIO RefSel: VCC_IO
            Required Capabilities: DIGITAL, ROUTABLE
            Initial Value: 0
            IO Voltage: 0
        PORT MAP (
            pa_out => Digit_0(0)__PA ,
            pin_input => Net_89 ,
            pad => Digit_0(0)_PAD );
        Properties:
        {
        }

    Pin : Name = Digit_1(0)
        Attributes:
            In Group/Port: True
            In Sync Option: AUTO
            Out Sync Option: NOSYNC
            Interrupt generated: False
            Interrupt mode: NONE
            Drive mode: CMOS_OUT
            VTrip: EITHER
            Slew: FAST
            Input Sync needed: False
            Output Sync needed: False
            SC shield enabled: False
            POR State: ANY
            LCD Mode: COMMON
            Register Mode: RegComb
            CaSense Mode: NEITHER
            Treat as pin: True
            Is OE Registered: False
            Uses Analog: False
            Can contain Digital: True
            Is SIO: False
            SIO Output Buf: NONREGULATED
            SIO Input Buf: SINGLE_ENDED
            SIO HiFreq: LOW
            SIO Hyst: DISABLED
            SIO Vtrip: MULTIPLIER_0_5
            SIO Multiplier Index: 0
            SIO RefSel: VCC_IO
            Required Capabilities: DIGITAL, ROUTABLE
            Initial Value: 0
            IO Voltage: 0
        PORT MAP (
            pa_out => Digit_1(0)__PA ,
            pin_input => Net_90 ,
            pad => Digit_1(0)_PAD );
        Properties:
        {
        }

    Pin : Name = Digit_2(0)
        Attributes:
            In Group/Port: True
            In Sync Option: AUTO
            Out Sync Option: NOSYNC
            Interrupt generated: False
            Interrupt mode: NONE
            Drive mode: CMOS_OUT
            VTrip: EITHER
            Slew: FAST
            Input Sync needed: False
            Output Sync needed: False
            SC shield enabled: False
            POR State: ANY
            LCD Mode: COMMON
            Register Mode: RegComb
            CaSense Mode: NEITHER
            Treat as pin: True
            Is OE Registered: False
            Uses Analog: False
            Can contain Digital: True
            Is SIO: False
            SIO Output Buf: NONREGULATED
            SIO Input Buf: SINGLE_ENDED
            SIO HiFreq: LOW
            SIO Hyst: DISABLED
            SIO Vtrip: MULTIPLIER_0_5
            SIO Multiplier Index: 0
            SIO RefSel: VCC_IO
            Required Capabilities: DIGITAL, ROUTABLE
            Initial Value: 0
            IO Voltage: 0
        PORT MAP (
            pa_out => Digit_2(0)__PA ,
            pin_input => Net_91 ,
            pad => Digit_2(0)_PAD );
        Properties:
        {
        }

    Pin : Name = Digit_3(0)
        Attributes:
            In Group/Port: True
            In Sync Option: AUTO
            Out Sync Option: NOSYNC
            Interrupt generated: False
            Interrupt mode: NONE
            Drive mode: CMOS_OUT
            VTrip: EITHER
            Slew: FAST
            Input Sync needed: False
            Output Sync needed: False
            SC shield enabled: False
            POR State: ANY
            LCD Mode: COMMON
            Register Mode: RegComb
            CaSense Mode: NEITHER
            Treat as pin: True
            Is OE Registered: False
            Uses Analog: False
            Can contain Digital: True
            Is SIO: False
            SIO Output Buf: NONREGULATED
            SIO Input Buf: SINGLE_ENDED
            SIO HiFreq: LOW
            SIO Hyst: DISABLED
            SIO Vtrip: MULTIPLIER_0_5
            SIO Multiplier Index: 0
            SIO RefSel: VCC_IO
            Required Capabilities: DIGITAL, ROUTABLE
            Initial Value: 0
            IO Voltage: 0
        PORT MAP (
            pa_out => Digit_3(0)__PA ,
            pin_input => Net_92 ,
            pad => Digit_3(0)_PAD );
        Properties:
        {
        }
    </CYPRESSTAG>
    <CYPRESSTAG name="Macrocell listing" icon="FILE_RPT_EQUATION">

    ------------------------------------------------------------
    Macrocell listing
    ------------------------------------------------------------

    MacroCell: Name=Net_9, Mode=(Combinatorial)
        Total # of inputs        : 1
        Total # of product terms : 1
            Clock Enable: True
        Main Equation            : 1 pterm
        (
              !Net_148_local
        );
        Output = Net_9 (fanout=1)

    MacroCell: Name=__ONE__, Mode=(Combinatorial)
        Total # of inputs        : 0
        Total # of product terms : 0
            Clock Enable: True
        Main Equation            : 0 pterms
        !(
            0
        );
        Output = __ONE__ (fanout=1)
    </CYPRESSTAG>
    <CYPRESSTAG name="Datapath listing">
    </CYPRESSTAG>
    <CYPRESSTAG name="Status register listing">
    </CYPRESSTAG>
    <CYPRESSTAG name="StatusI register listing">
    </CYPRESSTAG>
    <CYPRESSTAG name="Sync listing">
    </CYPRESSTAG>
    <CYPRESSTAG name="Control register listing">

    ------------------------------------------------------------
    Control register listing
    ------------------------------------------------------------

    controlcell: Name =\Ultrasonic_Set_Reg:Sync:ctrl_reg\
        PORT MAP (
            control_7 => \Ultrasonic_Set_Reg:control_7\ ,
            control_6 => \Ultrasonic_Set_Reg:control_6\ ,
            control_5 => \Ultrasonic_Set_Reg:control_5\ ,
            control_4 => \Ultrasonic_Set_Reg:control_4\ ,
            control_3 => \Ultrasonic_Set_Reg:control_3\ ,
            control_2 => \Ultrasonic_Set_Reg:control_2\ ,
            control_1 => \Ultrasonic_Set_Reg:control_1\ ,
            control_0 => Net_15 );
        Properties:
        {
            cy_ctrl_mode_0 = "00000000"
            cy_ctrl_mode_1 = "00000000"
            cy_ext_reset = 0
            cy_force_order = 1
            cy_init_value = "00000000"
        }
        Clock Enable: True

    controlcell: Name =\Digit_Reg:Sync:ctrl_reg\
        PORT MAP (
            control_7 => \Digit_Reg:control_7\ ,
            control_6 => \Digit_Reg:control_6\ ,
            control_5 => \Digit_Reg:control_5\ ,
            control_4 => \Digit_Reg:control_4\ ,
            control_3 => Net_92 ,
            control_2 => Net_91 ,
            control_1 => Net_90 ,
            control_0 => Net_89 );
        Properties:
        {
            cy_ctrl_mode_0 = "00000000"
            cy_ctrl_mode_1 = "00000000"
            cy_ext_reset = 0
            cy_force_order = 1
            cy_init_value = "00000000"
        }
        Clock Enable: True

    controlcell: Name =\Seven_Segment_Reg:Sync:ctrl_reg\
        PORT MAP (
            control_7 => Net_133 ,
            control_6 => Net_86 ,
            control_5 => Net_85 ,
            control_4 => Net_84 ,
            control_3 => Net_83 ,
            control_2 => Net_82 ,
            control_1 => Net_81 ,
            control_0 => Net_80 );
        Properties:
        {
            cy_ctrl_mode_0 = "00000000"
            cy_ctrl_mode_1 = "00000000"
            cy_ext_reset = 0
            cy_force_order = 1
            cy_init_value = "00000000"
        }
        Clock Enable: True

    controlcell: Name =\Flight_Timer_Reset_Reg:Sync:ctrl_reg\
        PORT MAP (
            control_7 => \Flight_Timer_Reset_Reg:control_7\ ,
            control_6 => \Flight_Timer_Reset_Reg:control_6\ ,
            control_5 => \Flight_Timer_Reset_Reg:control_5\ ,
            control_4 => \Flight_Timer_Reset_Reg:control_4\ ,
            control_3 => \Flight_Timer_Reset_Reg:control_3\ ,
            control_2 => \Flight_Timer_Reset_Reg:control_2\ ,
            control_1 => \Flight_Timer_Reset_Reg:control_1\ ,
            control_0 => Net_12 );
        Properties:
        {
            cy_ctrl_mode_0 = "00000000"
            cy_ctrl_mode_1 = "00000000"
            cy_ext_reset = 0
            cy_force_order = 1
            cy_init_value = "00000000"
        }
        Clock Enable: True
    </CYPRESSTAG>
    <CYPRESSTAG name="Count7 listing">

    ------------------------------------------------------------
    Count7 listing
    ------------------------------------------------------------

    count7cell: Name =\Ultrasonic_Pulse_Counter:Counter7\
        PORT MAP (
            clock => Net_148 ,
            reset => Net_15 ,
            enable => Net_148_local ,
            count_6 => Net_16_6 ,
            count_5 => Net_16_5 ,
            count_4 => Net_16_4 ,
            count_3 => Net_16_3 ,
            count_2 => Net_16_2 ,
            count_1 => Net_16_1 ,
            count_0 => Net_16_0 ,
            tc => Net_29 );
        Properties:
        {
            cy_alt_mode = 0
            cy_init_value = "0000000"
            cy_period = "1111111"
            cy_route_en = 1
            cy_route_ld = 0
        }
        Clock Polarity: Active High
        Clock Enable: True
    </CYPRESSTAG>
    <CYPRESSTAG name="DRQ listing">
    </CYPRESSTAG>
    <CYPRESSTAG name="Interrupt listing">

    ------------------------------------------------------------
    Interrupt listing
    ------------------------------------------------------------

    interrupt: Name =isr_1
        PORT MAP (
            interrupt => Net_62 );
        Properties:
        {
            int_type = "00"
            is_nmi = 0
        }
    </CYPRESSTAG>
</CYPRESSTAG>
<CYPRESSTAG name="Technology mapping summary" expanded>

------------------------------------------------------------
Technology mapping summary
------------------------------------------------------------

Resource Type                 : Used : Free :  Max :  % Used
============================================================
Digital Clocks                :    2 :    6 :    8 : 25.00 %
Analog Clocks                 :    0 :    4 :    4 :  0.00 %
CapSense Buffers              :    0 :    2 :    2 :  0.00 %
Digital Filter Block          :    0 :    1 :    1 :  0.00 %
Interrupts                    :    1 :   31 :   32 :  3.13 %
IO                            :   19 :   29 :   48 : 39.58 %
Segment LCD                   :    0 :    1 :    1 :  0.00 %
CAN 2.0b                      :    0 :    1 :    1 :  0.00 %
I2C                           :    0 :    1 :    1 :  0.00 %
USB                           :    0 :    1 :    1 :  0.00 %
DMA Channels                  :    0 :   24 :   24 :  0.00 %
Timer                         :    1 :    3 :    4 : 25.00 %
UDB                           :      :      :      :        
  Macrocells                  :    2 :  190 :  192 :  1.04 %
  Unique P-terms              :    1 :  383 :  384 :  0.26 %
  Total P-terms               :    1 :      :      :        
  Datapath Cells              :    0 :   24 :   24 :  0.00 %
  Status Cells                :    1 :   23 :   24 :  4.17 %
    Routed Count7 Load/Enable :    1 :      :      :        
  Control Cells               :    5 :   19 :   24 : 20.83 %
    Control Registers         :    4 :      :      :        
    Count7 Cells              :    1 :      :      :        
Opamp                         :    1 :    3 :    4 : 25.00 %
Comparator                    :    1 :    3 :    4 : 25.00 %
Delta-Sigma ADC               :    0 :    1 :    1 :  0.00 %
LPF                           :    0 :    2 :    2 :  0.00 %
SAR ADC                       :    0 :    2 :    2 :  0.00 %
Analog (SC/CT) Blocks         :    1 :    3 :    4 : 25.00 %
DAC                           :      :      :      :        
  VIDAC                       :    1 :    3 :    4 : 25.00 %
</CYPRESSTAG>
Technology Mapping: Elapsed time ==> 0s.069ms
Tech Mapping phase: Elapsed time ==> 0s.182ms
</CYPRESSTAG>
<CYPRESSTAG name="Analog Placement">
Initial Analog Placement Results:
IO_7@[IOP=(2)][IoId=(7)] : Decimal_place(0) (fixed)
IO_7@[IOP=(1)][IoId=(7)] : Digit_0(0) (fixed)
IO_6@[IOP=(1)][IoId=(6)] : Digit_1(0) (fixed)
IO_5@[IOP=(1)][IoId=(5)] : Digit_2(0) (fixed)
IO_4@[IOP=(1)][IoId=(4)] : Digit_3(0) (fixed)
IO_1@[IOP=(3)][IoId=(1)] : RX_1(0) (fixed)
IO_0@[IOP=(3)][IoId=(0)] : RX_Tie_High(0) (fixed)
IO_0@[IOP=(2)][IoId=(0)] : Seven_Segment(0) (fixed)
IO_1@[IOP=(2)][IoId=(1)] : Seven_Segment(1) (fixed)
IO_2@[IOP=(2)][IoId=(2)] : Seven_Segment(2) (fixed)
IO_3@[IOP=(2)][IoId=(3)] : Seven_Segment(3) (fixed)
IO_4@[IOP=(2)][IoId=(4)] : Seven_Segment(4) (fixed)
IO_5@[IOP=(2)][IoId=(5)] : Seven_Segment(5) (fixed)
IO_6@[IOP=(2)][IoId=(6)] : Seven_Segment(6) (fixed)
Comparator[0]@[FFB(Comparator,0)] : \Comp_1:ctComp\
SC[2]@[FFB(SC,2)] : \PGA_1:SC\
VIDAC[0]@[FFB(VIDAC,0)] : \VDAC8_1:viDAC8\
OpAmp[3]@[FFB(OpAmp,3)] : \Vssa_Buffer:ABuf\ (OPAMP-GPIO)
Vref[1]@[FFB(Vref,1)] : vRef_1
IO_7@[IOP=(3)][IoId=(7)] : Dedicated_Output (OPAMP-GPIO)
Log: apr.M0058: The analog placement iterative improvement is 38% done. (App=cydsfit)
Log: apr.M0058: The analog placement iterative improvement is 75% done. (App=cydsfit)
Analog Placement Results:
IO_7@[IOP=(2)][IoId=(7)] : Decimal_place(0) (fixed)
IO_7@[IOP=(1)][IoId=(7)] : Digit_0(0) (fixed)
IO_6@[IOP=(1)][IoId=(6)] : Digit_1(0) (fixed)
IO_5@[IOP=(1)][IoId=(5)] : Digit_2(0) (fixed)
IO_4@[IOP=(1)][IoId=(4)] : Digit_3(0) (fixed)
IO_1@[IOP=(3)][IoId=(1)] : RX_1(0) (fixed)
IO_0@[IOP=(3)][IoId=(0)] : RX_Tie_High(0) (fixed)
IO_0@[IOP=(2)][IoId=(0)] : Seven_Segment(0) (fixed)
IO_1@[IOP=(2)][IoId=(1)] : Seven_Segment(1) (fixed)
IO_2@[IOP=(2)][IoId=(2)] : Seven_Segment(2) (fixed)
IO_3@[IOP=(2)][IoId=(3)] : Seven_Segment(3) (fixed)
IO_4@[IOP=(2)][IoId=(4)] : Seven_Segment(4) (fixed)
IO_5@[IOP=(2)][IoId=(5)] : Seven_Segment(5) (fixed)
IO_6@[IOP=(2)][IoId=(6)] : Seven_Segment(6) (fixed)
Comparator[1]@[FFB(Comparator,1)] : \Comp_1:ctComp\
SC[3]@[FFB(SC,3)] : \PGA_1:SC\
VIDAC[3]@[FFB(VIDAC,3)] : \VDAC8_1:viDAC8\
OpAmp[3]@[FFB(OpAmp,3)] : \Vssa_Buffer:ABuf\ (OPAMP-GPIO)
Vref[1]@[FFB(Vref,1)] : vRef_1
IO_7@[IOP=(3)][IoId=(7)] : Dedicated_Output (OPAMP-GPIO)

Analog Placement phase: Elapsed time ==> 1s.441ms
</CYPRESSTAG>
<CYPRESSTAG name="Analog Routing">
Analog Routing phase: Elapsed time ==> 0s.022ms
</CYPRESSTAG>
<CYPRESSTAG name="Analog Code Generation">
============ Analog Final Answer Routes ============
Dump of CyAnalogRoutingResultsDB
Map of net to items {
  Net: Net_39 {
    sc_3_vin
    agr5_x_sc_3_vin
    agr5
    agr5_x_p3_1
    p3_1
  }
  Net: Net_40 {
    p3_7
    amuxbusr_x_p3_7
    amuxbusr
    amuxbusr_x_p3_0
    p3_0
    agr7_x_p3_7
    agr7
    agr7_x_sc_3_vref
    sc_3_vref
    opamp_3_vminus_x_p3_7
    opamp_3_vminus
  }
  Net: Net_56 {
    sc_3_vout
    agr6_x_sc_3_vout
    agr6
    agr6_x_comp_1_vplus
    comp_1_vplus
  }
  Net: Net_55 {
    vidac_3_vout
    agr4_x_vidac_3_vout
    agr4
    agr4_x_comp_1_vminus
    comp_1_vminus
  }
  Net: \VDAC8_1:Net_77\ {
  }
  Net: Net_50 {
    common_Vdda/2
    common_Vdda/2_x_comp_vref_vdda
    comp_vref_vdda
    abusl0_x_comp_vref_vdda
    abusl0
    abusl0_x_abusr0
    abusr0
    abusr0_x_opamp_3_vplus
    opamp_3_vplus
  }
}
Map of item to net {
  sc_3_vin                                         -> Net_39
  agr5_x_sc_3_vin                                  -> Net_39
  agr5                                             -> Net_39
  agr5_x_p3_1                                      -> Net_39
  p3_1                                             -> Net_39
  p3_7                                             -> Net_40
  amuxbusr_x_p3_7                                  -> Net_40
  amuxbusr                                         -> Net_40
  amuxbusr_x_p3_0                                  -> Net_40
  p3_0                                             -> Net_40
  agr7_x_p3_7                                      -> Net_40
  agr7                                             -> Net_40
  agr7_x_sc_3_vref                                 -> Net_40
  sc_3_vref                                        -> Net_40
  opamp_3_vminus_x_p3_7                            -> Net_40
  opamp_3_vminus                                   -> Net_40
  sc_3_vout                                        -> Net_56
  agr6_x_sc_3_vout                                 -> Net_56
  agr6                                             -> Net_56
  agr6_x_comp_1_vplus                              -> Net_56
  comp_1_vplus                                     -> Net_56
  vidac_3_vout                                     -> Net_55
  agr4_x_vidac_3_vout                              -> Net_55
  agr4                                             -> Net_55
  agr4_x_comp_1_vminus                             -> Net_55
  comp_1_vminus                                    -> Net_55
  common_Vdda/2                                    -> Net_50
  common_Vdda/2_x_comp_vref_vdda                   -> Net_50
  comp_vref_vdda                                   -> Net_50
  abusl0_x_comp_vref_vdda                          -> Net_50
  abusl0                                           -> Net_50
  abusl0_x_abusr0                                  -> Net_50
  abusr0                                           -> Net_50
  abusr0_x_opamp_3_vplus                           -> Net_50
  opamp_3_vplus                                    -> Net_50
}
Mux Info {
}
Dump of CyP35AnalogRoutingResultsDB
IsVddaHalfUsedForComp = True
IsVddaHalfUsedForSar0 = False
IsVddaHalfUsedForSar1 = False
Analog Code Generation phase: Elapsed time ==> 0s.411ms
</CYPRESSTAG>
<CYPRESSTAG name="Digital Placement">
<CYPRESSTAG name="Detailed placement messages">
I2076: Total run-time: 0.9 sec.

</CYPRESSTAG>
<CYPRESSTAG name="PLD Packing">
<CYPRESSTAG name="PLD Packing Summary" expanded>

------------------------------------------------------------
PLD Packing Summary
------------------------------------------------------------
            Resource Type : Used : Free :  Max :  % Used
    ====================================================
                     PLDs :    2 :   46 :   48 :   4.17%

<CYPRESSTAG name="PLD Statistics">

        PLD Resource Type :     Average/LAB
    =======================================
                   Inputs :            0.50
                   Pterms :            0.50
               Macrocells :            1.00
</CYPRESSTAG>
<CYPRESSTAG name="Packed PLD Contents">
Packed PLD Contents not displayed at this verbose level.</CYPRESSTAG>
</CYPRESSTAG>
PLD Packing: Elapsed time ==> 0s.001ms
</CYPRESSTAG>
<CYPRESSTAG name="Partitioning">
<CYPRESSTAG name="Initial Partitioning Summary">
Initial Partitioning Summary not displayed at this verbose level.</CYPRESSTAG>
<CYPRESSTAG name="Final Partitioning Summary">
Final Partitioning Summary not displayed at this verbose level.</CYPRESSTAG>
Partitioning: Elapsed time ==> 0s.037ms
</CYPRESSTAG>
<CYPRESSTAG name="Final Placement Summary">

------------------------------------------------------------
Final Placement Summary
------------------------------------------------------------

       Resource Type :      Count : Avg Inputs : Avg Outputs
    ========================================================
                 UDB :          6 :       0.17 :       0.33
<CYPRESSTAG name="Final Placement Details">
<CYPRESSTAG name="Component Details">

------------------------------------------------------------
Component Placement Details
------------------------------------------------------------
UDB [UDB=(0,0)] is empty.
UDB [UDB=(0,1)] is empty.
UDB [UDB=(0,2)] is empty.
UDB [UDB=(0,3)] contents:
controlcell: Name =\Digit_Reg:Sync:ctrl_reg\
    PORT MAP (
        control_7 => \Digit_Reg:control_7\ ,
        control_6 => \Digit_Reg:control_6\ ,
        control_5 => \Digit_Reg:control_5\ ,
        control_4 => \Digit_Reg:control_4\ ,
        control_3 => Net_92 ,
        control_2 => Net_91 ,
        control_1 => Net_90 ,
        control_0 => Net_89 );
    Properties:
    {
        cy_ctrl_mode_0 = "00000000"
        cy_ctrl_mode_1 = "00000000"
        cy_ext_reset = 0
        cy_force_order = 1
        cy_init_value = "00000000"
    }
    Clock Enable: True

UDB [UDB=(0,4)] is empty.
UDB [UDB=(0,5)] is empty.
UDB [UDB=(1,0)] contents:
controlcell: Name =\Seven_Segment_Reg:Sync:ctrl_reg\
    PORT MAP (
        control_7 => Net_133 ,
        control_6 => Net_86 ,
        control_5 => Net_85 ,
        control_4 => Net_84 ,
        control_3 => Net_83 ,
        control_2 => Net_82 ,
        control_1 => Net_81 ,
        control_0 => Net_80 );
    Properties:
    {
        cy_ctrl_mode_0 = "00000000"
        cy_ctrl_mode_1 = "00000000"
        cy_ext_reset = 0
        cy_force_order = 1
        cy_init_value = "00000000"
    }
    Clock Enable: True

UDB [UDB=(1,1)] is empty.
UDB [UDB=(1,2)] is empty.
UDB [UDB=(1,3)] contents:
controlcell: Name =\Flight_Timer_Reset_Reg:Sync:ctrl_reg\
    PORT MAP (
        control_7 => \Flight_Timer_Reset_Reg:control_7\ ,
        control_6 => \Flight_Timer_Reset_Reg:control_6\ ,
        control_5 => \Flight_Timer_Reset_Reg:control_5\ ,
        control_4 => \Flight_Timer_Reset_Reg:control_4\ ,
        control_3 => \Flight_Timer_Reset_Reg:control_3\ ,
        control_2 => \Flight_Timer_Reset_Reg:control_2\ ,
        control_1 => \Flight_Timer_Reset_Reg:control_1\ ,
        control_0 => Net_12 );
    Properties:
    {
        cy_ctrl_mode_0 = "00000000"
        cy_ctrl_mode_1 = "00000000"
        cy_ext_reset = 0
        cy_force_order = 1
        cy_init_value = "00000000"
    }
    Clock Enable: True

UDB [UDB=(1,4)] is empty.
UDB [UDB=(1,5)] is empty.
UDB [UDB=(2,0)] contents:
controlcell: Name =\Ultrasonic_Set_Reg:Sync:ctrl_reg\
    PORT MAP (
        control_7 => \Ultrasonic_Set_Reg:control_7\ ,
        control_6 => \Ultrasonic_Set_Reg:control_6\ ,
        control_5 => \Ultrasonic_Set_Reg:control_5\ ,
        control_4 => \Ultrasonic_Set_Reg:control_4\ ,
        control_3 => \Ultrasonic_Set_Reg:control_3\ ,
        control_2 => \Ultrasonic_Set_Reg:control_2\ ,
        control_1 => \Ultrasonic_Set_Reg:control_1\ ,
        control_0 => Net_15 );
    Properties:
    {
        cy_ctrl_mode_0 = "00000000"
        cy_ctrl_mode_1 = "00000000"
        cy_ext_reset = 0
        cy_force_order = 1
        cy_init_value = "00000000"
    }
    Clock Enable: True

UDB [UDB=(2,1)] is empty.
UDB [UDB=(2,2)] is empty.
UDB [UDB=(2,3)] is empty.
UDB [UDB=(2,4)] is empty.
UDB [UDB=(2,5)] is empty.
UDB [UDB=(3,0)] contents:
LAB@[UDB=(3,0)][LB=0] #macrocells=1, #inputs=1, #pterms=1
{
    [McSlotId=0]:     MacroCell: Name=Net_9, Mode=(Combinatorial) @ [UDB=(3,0)][LB=0][MC=0]
        Total # of inputs        : 1
        Total # of product terms : 1
            Clock Enable: True
        Main Equation            : 1 pterm
        (
              !Net_148_local
        );
        Output = Net_9 (fanout=1)
        Properties               : 
        {
        }

    [McSlotId=1]: (empty)
    [McSlotId=2]: (empty)
    [McSlotId=3]: (empty)
}

count7cell: Name =\Ultrasonic_Pulse_Counter:Counter7\
    PORT MAP (
        clock => Net_148 ,
        reset => Net_15 ,
        enable => Net_148_local ,
        count_6 => Net_16_6 ,
        count_5 => Net_16_5 ,
        count_4 => Net_16_4 ,
        count_3 => Net_16_3 ,
        count_2 => Net_16_2 ,
        count_1 => Net_16_1 ,
        count_0 => Net_16_0 ,
        tc => Net_29 );
    Properties:
    {
        cy_alt_mode = 0
        cy_init_value = "0000000"
        cy_period = "1111111"
        cy_route_en = 1
        cy_route_ld = 0
    }
    Clock Polarity: Active High
    Clock Enable: True

UDB [UDB=(3,1)] contents:
LAB@[UDB=(3,1)][LB=1] #macrocells=1, #inputs=0, #pterms=0
{
    [McSlotId=0]: (empty)
    [McSlotId=1]: (empty)
    [McSlotId=2]:     MacroCell: Name=__ONE__, Mode=(Combinatorial) @ [UDB=(3,1)][LB=1][MC=2]
        Total # of inputs        : 0
        Total # of product terms : 0
            Clock Enable: True
        Main Equation            : 0 pterms
        !(
            0
        );
        Output = __ONE__ (fanout=1)
        Properties               : 
        {
        }

    [McSlotId=3]: (empty)
}

UDB [UDB=(3,2)] is empty.
UDB [UDB=(3,3)] is empty.
UDB [UDB=(3,4)] is empty.
UDB [UDB=(3,5)] is empty.
Intr container @ [IntrContainer=(0)]: 
  Intr@ [IntrContainer=(0)][IntrId=(17)] 
    interrupt: Name =isr_1
        PORT MAP (
            interrupt => Net_62 );
        Properties:
        {
            int_type = "00"
            is_nmi = 0
        }
Drq container @ [DrqContainer=(0)]: empty
Port 0 contains the following IO cells:
[IoId=0]: 
Pin : Name = TX_2(0)
    Attributes:
        In Group/Port: True
        In Sync Option: AUTO
        Out Sync Option: NOSYNC
        Interrupt generated: False
        Interrupt mode: NONE
        Drive mode: CMOS_OUT
        VTrip: EITHER
        Slew: FAST
        Input Sync needed: False
        Output Sync needed: False
        SC shield enabled: False
        POR State: ANY
        LCD Mode: COMMON
        Register Mode: RegComb
        CaSense Mode: NEITHER
        Treat as pin: True
        Is OE Registered: False
        Uses Analog: False
        Can contain Digital: True
        Is SIO: False
        SIO Output Buf: NONREGULATED
        SIO Input Buf: SINGLE_ENDED
        SIO HiFreq: LOW
        SIO Hyst: DISABLED
        SIO Vtrip: MULTIPLIER_0_5
        SIO Multiplier Index: 0
        SIO RefSel: VCC_IO
        Required Capabilities: DIGITAL, ROUTABLE
        Initial Value: 0
        IO Voltage: 0
    PORT MAP (
        pa_out => TX_2(0)__PA ,
        pin_input => Net_9 ,
        pad => TX_2(0)_PAD );
    Properties:
    {
    }

[IoId=1]: 
Pin : Name = TX_1(0)
    Attributes:
        In Group/Port: True
        In Sync Option: AUTO
        Out Sync Option: NOSYNC
        Interrupt generated: False
        Interrupt mode: NONE
        Drive mode: CMOS_OUT
        VTrip: EITHER
        Slew: FAST
        Input Sync needed: False
        Output Sync needed: False
        SC shield enabled: False
        POR State: ANY
        LCD Mode: COMMON
        Register Mode: RegComb
        CaSense Mode: NEITHER
        Treat as pin: True
        Is OE Registered: False
        Uses Analog: False
        Can contain Digital: True
        Is SIO: False
        SIO Output Buf: NONREGULATED
        SIO Input Buf: SINGLE_ENDED
        SIO HiFreq: LOW
        SIO Hyst: DISABLED
        SIO Vtrip: MULTIPLIER_0_5
        SIO Multiplier Index: 0
        SIO RefSel: VCC_IO
        Required Capabilities: DIGITAL, ROUTABLE
        Initial Value: 0
        IO Voltage: 0
    PORT MAP (
        pa_out => TX_1(0)__PA ,
        pin_input => Net_148_local ,
        pad => TX_1(0)_PAD );
    Properties:
    {
    }

Port 1 contains the following IO cells:
[IoId=4]: 
Pin : Name = Digit_3(0)
    Attributes:
        In Group/Port: True
        In Sync Option: AUTO
        Out Sync Option: NOSYNC
        Interrupt generated: False
        Interrupt mode: NONE
        Drive mode: CMOS_OUT
        VTrip: EITHER
        Slew: FAST
        Input Sync needed: False
        Output Sync needed: False
        SC shield enabled: False
        POR State: ANY
        LCD Mode: COMMON
        Register Mode: RegComb
        CaSense Mode: NEITHER
        Treat as pin: True
        Is OE Registered: False
        Uses Analog: False
        Can contain Digital: True
        Is SIO: False
        SIO Output Buf: NONREGULATED
        SIO Input Buf: SINGLE_ENDED
        SIO HiFreq: LOW
        SIO Hyst: DISABLED
        SIO Vtrip: MULTIPLIER_0_5
        SIO Multiplier Index: 0
        SIO RefSel: VCC_IO
        Required Capabilities: DIGITAL, ROUTABLE
        Initial Value: 0
        IO Voltage: 0
    PORT MAP (
        pa_out => Digit_3(0)__PA ,
        pin_input => Net_92 ,
        pad => Digit_3(0)_PAD );
    Properties:
    {
    }

[IoId=5]: 
Pin : Name = Digit_2(0)
    Attributes:
        In Group/Port: True
        In Sync Option: AUTO
        Out Sync Option: NOSYNC
        Interrupt generated: False
        Interrupt mode: NONE
        Drive mode: CMOS_OUT
        VTrip: EITHER
        Slew: FAST
        Input Sync needed: False
        Output Sync needed: False
        SC shield enabled: False
        POR State: ANY
        LCD Mode: COMMON
        Register Mode: RegComb
        CaSense Mode: NEITHER
        Treat as pin: True
        Is OE Registered: False
        Uses Analog: False
        Can contain Digital: True
        Is SIO: False
        SIO Output Buf: NONREGULATED
        SIO Input Buf: SINGLE_ENDED
        SIO HiFreq: LOW
        SIO Hyst: DISABLED
        SIO Vtrip: MULTIPLIER_0_5
        SIO Multiplier Index: 0
        SIO RefSel: VCC_IO
        Required Capabilities: DIGITAL, ROUTABLE
        Initial Value: 0
        IO Voltage: 0
    PORT MAP (
        pa_out => Digit_2(0)__PA ,
        pin_input => Net_91 ,
        pad => Digit_2(0)_PAD );
    Properties:
    {
    }

[IoId=6]: 
Pin : Name = Digit_1(0)
    Attributes:
        In Group/Port: True
        In Sync Option: AUTO
        Out Sync Option: NOSYNC
        Interrupt generated: False
        Interrupt mode: NONE
        Drive mode: CMOS_OUT
        VTrip: EITHER
        Slew: FAST
        Input Sync needed: False
        Output Sync needed: False
        SC shield enabled: False
        POR State: ANY
        LCD Mode: COMMON
        Register Mode: RegComb
        CaSense Mode: NEITHER
        Treat as pin: True
        Is OE Registered: False
        Uses Analog: False
        Can contain Digital: True
        Is SIO: False
        SIO Output Buf: NONREGULATED
        SIO Input Buf: SINGLE_ENDED
        SIO HiFreq: LOW
        SIO Hyst: DISABLED
        SIO Vtrip: MULTIPLIER_0_5
        SIO Multiplier Index: 0
        SIO RefSel: VCC_IO
        Required Capabilities: DIGITAL, ROUTABLE
        Initial Value: 0
        IO Voltage: 0
    PORT MAP (
        pa_out => Digit_1(0)__PA ,
        pin_input => Net_90 ,
        pad => Digit_1(0)_PAD );
    Properties:
    {
    }

[IoId=7]: 
Pin : Name = Digit_0(0)
    Attributes:
        In Group/Port: True
        In Sync Option: AUTO
        Out Sync Option: NOSYNC
        Interrupt generated: False
        Interrupt mode: NONE
        Drive mode: CMOS_OUT
        VTrip: EITHER
        Slew: FAST
        Input Sync needed: False
        Output Sync needed: False
        SC shield enabled: False
        POR State: ANY
        LCD Mode: COMMON
        Register Mode: RegComb
        CaSense Mode: NEITHER
        Treat as pin: True
        Is OE Registered: False
        Uses Analog: False
        Can contain Digital: True
        Is SIO: False
        SIO Output Buf: NONREGULATED
        SIO Input Buf: SINGLE_ENDED
        SIO HiFreq: LOW
        SIO Hyst: DISABLED
        SIO Vtrip: MULTIPLIER_0_5
        SIO Multiplier Index: 0
        SIO RefSel: VCC_IO
        Required Capabilities: DIGITAL, ROUTABLE
        Initial Value: 0
        IO Voltage: 0
    PORT MAP (
        pa_out => Digit_0(0)__PA ,
        pin_input => Net_89 ,
        pad => Digit_0(0)_PAD );
    Properties:
    {
    }

Port 2 contains the following IO cells:
[IoId=0]: 
Pin : Name = Seven_Segment(0)
    Attributes:
        In Group/Port: True
        In Sync Option: AUTO
        Out Sync Option: NOSYNC
        Interrupt generated: False
        Interrupt mode: NONE
        Drive mode: CMOS_OUT
        VTrip: EITHER
        Slew: FAST
        Input Sync needed: False
        Output Sync needed: False
        SC shield enabled: False
        POR State: ANY
        LCD Mode: COMMON
        Register Mode: RegComb
        CaSense Mode: NEITHER
        Treat as pin: False
        Is OE Registered: False
        Uses Analog: False
        Can contain Digital: True
        Is SIO: False
        SIO Output Buf: NONREGULATED
        SIO Input Buf: SINGLE_ENDED
        SIO HiFreq: LOW
        SIO Hyst: DISABLED
        SIO Vtrip: MULTIPLIER_0_5
        SIO Multiplier Index: 0
        SIO RefSel: VCC_IO
        Required Capabilities: DIGITAL, ROUTABLE
        Initial Value: 0
        IO Voltage: 0
    PORT MAP (
        pa_out => Seven_Segment(0)__PA ,
        pin_input => Net_80 ,
        pad => Seven_Segment(0)_PAD );
    Properties:
    {
    }

[IoId=1]: 
Pin : Name = Seven_Segment(1)
    Attributes:
        In Group/Port: True
        In Sync Option: AUTO
        Out Sync Option: NOSYNC
        Interrupt generated: False
        Interrupt mode: NONE
        Drive mode: CMOS_OUT
        VTrip: EITHER
        Slew: FAST
        Input Sync needed: False
        Output Sync needed: False
        SC shield enabled: False
        POR State: ANY
        LCD Mode: COMMON
        Register Mode: RegComb
        CaSense Mode: NEITHER
        Treat as pin: False
        Is OE Registered: False
        Uses Analog: False
        Can contain Digital: True
        Is SIO: False
        SIO Output Buf: NONREGULATED
        SIO Input Buf: SINGLE_ENDED
        SIO HiFreq: LOW
        SIO Hyst: DISABLED
        SIO Vtrip: MULTIPLIER_0_5
        SIO Multiplier Index: 0
        SIO RefSel: VCC_IO
        Required Capabilities: DIGITAL, ROUTABLE
        Initial Value: 0
        IO Voltage: 0
    PORT MAP (
        pa_out => Seven_Segment(1)__PA ,
        pin_input => Net_81 ,
        pad => Seven_Segment(1)_PAD );
    Properties:
    {
    }

[IoId=2]: 
Pin : Name = Seven_Segment(2)
    Attributes:
        In Group/Port: True
        In Sync Option: AUTO
        Out Sync Option: NOSYNC
        Interrupt generated: False
        Interrupt mode: NONE
        Drive mode: CMOS_OUT
        VTrip: EITHER
        Slew: FAST
        Input Sync needed: False
        Output Sync needed: False
        SC shield enabled: False
        POR State: ANY
        LCD Mode: COMMON
        Register Mode: RegComb
        CaSense Mode: NEITHER
        Treat as pin: False
        Is OE Registered: False
        Uses Analog: False
        Can contain Digital: True
        Is SIO: False
        SIO Output Buf: NONREGULATED
        SIO Input Buf: SINGLE_ENDED
        SIO HiFreq: LOW
        SIO Hyst: DISABLED
        SIO Vtrip: MULTIPLIER_0_5
        SIO Multiplier Index: 0
        SIO RefSel: VCC_IO
        Required Capabilities: DIGITAL, ROUTABLE
        Initial Value: 0
        IO Voltage: 0
    PORT MAP (
        pa_out => Seven_Segment(2)__PA ,
        pin_input => Net_82 ,
        pad => Seven_Segment(2)_PAD );
    Properties:
    {
    }

[IoId=3]: 
Pin : Name = Seven_Segment(3)
    Attributes:
        In Group/Port: True
        In Sync Option: AUTO
        Out Sync Option: NOSYNC
        Interrupt generated: False
        Interrupt mode: NONE
        Drive mode: CMOS_OUT
        VTrip: EITHER
        Slew: FAST
        Input Sync needed: False
        Output Sync needed: False
        SC shield enabled: False
        POR State: ANY
        LCD Mode: COMMON
        Register Mode: RegComb
        CaSense Mode: NEITHER
        Treat as pin: False
        Is OE Registered: False
        Uses Analog: False
        Can contain Digital: True
        Is SIO: False
        SIO Output Buf: NONREGULATED
        SIO Input Buf: SINGLE_ENDED
        SIO HiFreq: LOW
        SIO Hyst: DISABLED
        SIO Vtrip: MULTIPLIER_0_5
        SIO Multiplier Index: 0
        SIO RefSel: VCC_IO
        Required Capabilities: DIGITAL, ROUTABLE
        Initial Value: 0
        IO Voltage: 0
    PORT MAP (
        pa_out => Seven_Segment(3)__PA ,
        pin_input => Net_83 ,
        pad => Seven_Segment(3)_PAD );
    Properties:
    {
    }

[IoId=4]: 
Pin : Name = Seven_Segment(4)
    Attributes:
        In Group/Port: True
        In Sync Option: AUTO
        Out Sync Option: NOSYNC
        Interrupt generated: False
        Interrupt mode: NONE
        Drive mode: CMOS_OUT
        VTrip: EITHER
        Slew: FAST
        Input Sync needed: False
        Output Sync needed: False
        SC shield enabled: False
        POR State: ANY
        LCD Mode: COMMON
        Register Mode: RegComb
        CaSense Mode: NEITHER
        Treat as pin: False
        Is OE Registered: False
        Uses Analog: False
        Can contain Digital: True
        Is SIO: False
        SIO Output Buf: NONREGULATED
        SIO Input Buf: SINGLE_ENDED
        SIO HiFreq: LOW
        SIO Hyst: DISABLED
        SIO Vtrip: MULTIPLIER_0_5
        SIO Multiplier Index: 0
        SIO RefSel: VCC_IO
        Required Capabilities: DIGITAL, ROUTABLE
        Initial Value: 0
        IO Voltage: 0
    PORT MAP (
        pa_out => Seven_Segment(4)__PA ,
        pin_input => Net_84 ,
        pad => Seven_Segment(4)_PAD );
    Properties:
    {
    }

[IoId=5]: 
Pin : Name = Seven_Segment(5)
    Attributes:
        In Group/Port: True
        In Sync Option: AUTO
        Out Sync Option: NOSYNC
        Interrupt generated: False
        Interrupt mode: NONE
        Drive mode: CMOS_OUT
        VTrip: EITHER
        Slew: FAST
        Input Sync needed: False
        Output Sync needed: False
        SC shield enabled: False
        POR State: ANY
        LCD Mode: COMMON
        Register Mode: RegComb
        CaSense Mode: NEITHER
        Treat as pin: False
        Is OE Registered: False
        Uses Analog: False
        Can contain Digital: True
        Is SIO: False
        SIO Output Buf: NONREGULATED
        SIO Input Buf: SINGLE_ENDED
        SIO HiFreq: LOW
        SIO Hyst: DISABLED
        SIO Vtrip: MULTIPLIER_0_5
        SIO Multiplier Index: 0
        SIO RefSel: VCC_IO
        Required Capabilities: DIGITAL, ROUTABLE
        Initial Value: 0
        IO Voltage: 0
    PORT MAP (
        pa_out => Seven_Segment(5)__PA ,
        pin_input => Net_85 ,
        pad => Seven_Segment(5)_PAD );
    Properties:
    {
    }

[IoId=6]: 
Pin : Name = Seven_Segment(6)
    Attributes:
        In Group/Port: True
        In Sync Option: AUTO
        Out Sync Option: NOSYNC
        Interrupt generated: False
        Interrupt mode: NONE
        Drive mode: CMOS_OUT
        VTrip: EITHER
        Slew: FAST
        Input Sync needed: False
        Output Sync needed: False
        SC shield enabled: False
        POR State: ANY
        LCD Mode: COMMON
        Register Mode: RegComb
        CaSense Mode: NEITHER
        Treat as pin: False
        Is OE Registered: False
        Uses Analog: False
        Can contain Digital: True
        Is SIO: False
        SIO Output Buf: NONREGULATED
        SIO Input Buf: SINGLE_ENDED
        SIO HiFreq: LOW
        SIO Hyst: DISABLED
        SIO Vtrip: MULTIPLIER_0_5
        SIO Multiplier Index: 0
        SIO RefSel: VCC_IO
        Required Capabilities: DIGITAL, ROUTABLE
        Initial Value: 0
        IO Voltage: 0
    PORT MAP (
        pa_out => Seven_Segment(6)__PA ,
        pin_input => Net_86 ,
        pad => Seven_Segment(6)_PAD );
    Properties:
    {
    }

[IoId=7]: 
Pin : Name = Decimal_place(0)
    Attributes:
        In Group/Port: True
        In Sync Option: AUTO
        Out Sync Option: NOSYNC
        Interrupt generated: False
        Interrupt mode: NONE
        Drive mode: CMOS_OUT
        VTrip: EITHER
        Slew: FAST
        Input Sync needed: False
        Output Sync needed: False
        SC shield enabled: False
        POR State: ANY
        LCD Mode: COMMON
        Register Mode: RegComb
        CaSense Mode: NEITHER
        Treat as pin: True
        Is OE Registered: False
        Uses Analog: False
        Can contain Digital: True
        Is SIO: False
        SIO Output Buf: NONREGULATED
        SIO Input Buf: SINGLE_ENDED
        SIO HiFreq: LOW
        SIO Hyst: DISABLED
        SIO Vtrip: MULTIPLIER_0_5
        SIO Multiplier Index: 0
        SIO RefSel: VCC_IO
        Required Capabilities: DIGITAL, ROUTABLE
        Initial Value: 0
        IO Voltage: 0
    PORT MAP (
        pa_out => Decimal_place(0)__PA ,
        pin_input => Net_133 ,
        pad => Decimal_place(0)_PAD );
    Properties:
    {
    }

Port 3 contains the following IO cells:
[IoId=0]: 
Pin : Name = RX_Tie_High(0)
    Attributes:
        In Group/Port: True
        In Sync Option: AUTO
        Out Sync Option: AUTO
        Interrupt generated: False
        Interrupt mode: NONE
        Drive mode: HI_Z_ANALOG
        VTrip: EITHER
        Slew: FAST
        Input Sync needed: False
        Output Sync needed: False
        SC shield enabled: False
        POR State: ANY
        LCD Mode: COMMON
        Register Mode: RegComb
        CaSense Mode: NEITHER
        Treat as pin: True
        Is OE Registered: False
        Uses Analog: True
        Can contain Digital: False
        Is SIO: False
        SIO Output Buf: NONREGULATED
        SIO Input Buf: SINGLE_ENDED
        SIO HiFreq: LOW
        SIO Hyst: DISABLED
        SIO Vtrip: MULTIPLIER_0_5
        SIO Multiplier Index: 0
        SIO RefSel: VCC_IO
        Required Capabilities: ANALOG
        Initial Value: 0
        IO Voltage: 0
    PORT MAP (
        pa_out => RX_Tie_High(0)__PA ,
        analog_term => Net_40 ,
        pad => RX_Tie_High(0)_PAD );
    Properties:
    {
    }

[IoId=1]: 
Pin : Name = RX_1(0)
    Attributes:
        In Group/Port: True
        In Sync Option: AUTO
        Out Sync Option: AUTO
        Interrupt generated: False
        Interrupt mode: NONE
        Drive mode: HI_Z_ANALOG
        VTrip: EITHER
        Slew: FAST
        Input Sync needed: False
        Output Sync needed: False
        SC shield enabled: False
        POR State: ANY
        LCD Mode: COMMON
        Register Mode: RegComb
        CaSense Mode: NEITHER
        Treat as pin: True
        Is OE Registered: False
        Uses Analog: True
        Can contain Digital: False
        Is SIO: False
        SIO Output Buf: NONREGULATED
        SIO Input Buf: SINGLE_ENDED
        SIO HiFreq: LOW
        SIO Hyst: DISABLED
        SIO Vtrip: MULTIPLIER_0_5
        SIO Multiplier Index: 0
        SIO RefSel: VCC_IO
        Required Capabilities: ANALOG
        Initial Value: 0
        IO Voltage: 0
    PORT MAP (
        pa_out => RX_1(0)__PA ,
        analog_term => Net_39 ,
        pad => RX_1(0)_PAD );
    Properties:
    {
    }

[IoId=7]: 
Pin : Name = Dedicated_Output
    Attributes:
        In Group/Port: False
        In Sync Option: AUTO
        Out Sync Option: AUTO
        Interrupt generated: False
        Interrupt mode: NONE
        Drive mode: HI_Z_ANALOG
        VTrip: EITHER
        Slew: FAST
        Input Sync needed: False
        Output Sync needed: False
        SC shield enabled: False
        POR State: ANY
        LCD Mode: COMMON
        Register Mode: RegComb
        CaSense Mode: NEITHER
        Treat as pin: True
        Is OE Registered: False
        Uses Analog: True
        Can contain Digital: False
        Is SIO: False
        SIO Output Buf: NONREGULATED
        SIO Input Buf: SINGLE_ENDED
        SIO HiFreq: LOW
        SIO Hyst: DISABLED
        SIO Vtrip: MULTIPLIER_0_5
        SIO Multiplier Index: 0
        SIO RefSel: VCC_IO
        Required Capabilities: ANALOG
        Initial Value: 0
        IO Voltage: 0
    PORT MAP (
        pa_out => Dedicated_Output__PA ,
        analog_term => Net_40 );
    Properties:
    {
    }

Port 12 contains the following IO cells:
Port 15 contains the following IO cells:
ARM group 0: empty
CAN group 0: empty
Cache group 0: empty
CapSense group 0: empty
Clock group 0: 
    Clock Block @ F(Clock,0): 
    clockblockcell: Name =ClockBlock
        PORT MAP (
            imo => ClockBlock_IMO ,
            pllout => ClockBlock_PLL_OUT ,
            ilo => ClockBlock_ILO ,
            clk_100k => ClockBlock_100k ,
            clk_1k => ClockBlock_1k ,
            clk_32k => ClockBlock_32k ,
            xtal => ClockBlock_XTAL ,
            clk_32k_xtal => ClockBlock_XTAL_32KHZ ,
            clk_sync => ClockBlock_MASTER_CLK ,
            clk_bus_glb => ClockBlock_BUS_CLK ,
            clk_bus => ClockBlock_BUS_CLK_local ,
            dclk_glb_0 => Net_10 ,
            dclk_0 => Net_10_local ,
            dclk_glb_1 => Net_148 ,
            dclk_1 => Net_148_local );
        Properties:
        {
        }
Comparator group 0: 
    Comparator Block @ F(Comparator,1): 
    comparatorcell: Name =\Comp_1:ctComp\
        PORT MAP (
            vplus => Net_56 ,
            vminus => Net_55 ,
            out => Net_137 );
        Properties:
        {
            cy_registers = ""
        }
DFB group 0: empty
DSM group 0: empty
Decimator group 0: empty
EMIF group 0: empty
I2C group 0: empty
LCD group 0: empty
LVD group 0: empty
PICU group 0: empty
PM group 0: empty
SC group 0: 
    SC Block @ F(SC,3): 
    sccell: Name =\PGA_1:SC\
        PORT MAP (
            vref => Net_40 ,
            vin => Net_39 ,
            modout => \PGA_1:Net_41\ ,
            vout => Net_56 );
        Properties:
        {
            cy_registers = ""
        }
SPC group 0: empty
Timer group 0: 
    Timer Block @ F(Timer,0): 
    timercell: Name =\Flight_Timer:TimerHW\
        PORT MAP (
            clock => Net_10 ,
            enable => __ONE__ ,
            capture => Net_137 ,
            timer_reset => Net_12 ,
            tc => \Flight_Timer:Net_51\ ,
            cmp => \Flight_Timer:Net_261\ ,
            irq => Net_62 );
        Properties:
        {
            cy_registers = ""
        }
USB group 0: empty
VIDAC group 0: 
    VIDAC Block @ F(VIDAC,3): 
    vidaccell: Name =\VDAC8_1:viDAC8\
        PORT MAP (
            vout => Net_55 ,
            iout => \VDAC8_1:Net_77\ );
        Properties:
        {
            cy_registers = ""
            is_all_if_any = 0
            reg_data = 0
        }
OpAmp group 0: 
    Opamp Block @ F(OpAmp,3): 
    abufcell: Name =\Vssa_Buffer:ABuf\
        PORT MAP (
            vplus => Net_50 ,
            vminus => Net_40 ,
            vout => Net_40 );
        Properties:
        {
            cy_registers = ""
        }
CsAbuf group 0: empty
Vref group 0: 
    Vref Block @ F(Vref,1): 
    vrefcell: Name =vRef_1
        PORT MAP (
            vout => Net_50 );
        Properties:
        {
            autoenable = 1
            guid = "4720866E-BC14-478d-B8A0-3E44F38CADAC"
            ignoresleep = 0
            name = "Vdda/2"
        }
LPF group 0: empty
SAR group 0: empty
ANAIF group 0: empty
PHUB group 0: empty
</CYPRESSTAG>
<CYPRESSTAG name="Port Configuration Details">

------------------------------------------------------------
Port Configuration report
------------------------------------------------------------
     |     |       | Interrupt |                  |                  | 
Port | Pin | Fixed |      Type |       Drive Mode |             Name | Connections
-----+-----+-------+-----------+------------------+------------------+------------------
   0 |   0 |       |      NONE |         CMOS_OUT |          TX_2(0) | In(Net_9)
     |   1 |       |      NONE |         CMOS_OUT |          TX_1(0) | In(Net_148_local)
-----+-----+-------+-----------+------------------+------------------+------------------
   1 |   4 |     * |      NONE |         CMOS_OUT |       Digit_3(0) | In(Net_92)
     |   5 |     * |      NONE |         CMOS_OUT |       Digit_2(0) | In(Net_91)
     |   6 |     * |      NONE |         CMOS_OUT |       Digit_1(0) | In(Net_90)
     |   7 |     * |      NONE |         CMOS_OUT |       Digit_0(0) | In(Net_89)
-----+-----+-------+-----------+------------------+------------------+------------------
   2 |   0 |     * |      NONE |         CMOS_OUT | Seven_Segment(0) | In(Net_80)
     |   1 |     * |      NONE |         CMOS_OUT | Seven_Segment(1) | In(Net_81)
     |   2 |     * |      NONE |         CMOS_OUT | Seven_Segment(2) | In(Net_82)
     |   3 |     * |      NONE |         CMOS_OUT | Seven_Segment(3) | In(Net_83)
     |   4 |     * |      NONE |         CMOS_OUT | Seven_Segment(4) | In(Net_84)
     |   5 |     * |      NONE |         CMOS_OUT | Seven_Segment(5) | In(Net_85)
     |   6 |     * |      NONE |         CMOS_OUT | Seven_Segment(6) | In(Net_86)
     |   7 |     * |      NONE |         CMOS_OUT | Decimal_place(0) | In(Net_133)
-----+-----+-------+-----------+------------------+------------------+------------------
   3 |   0 |     * |      NONE |      HI_Z_ANALOG |   RX_Tie_High(0) | Analog(Net_40)
     |   1 |     * |      NONE |      HI_Z_ANALOG |          RX_1(0) | Analog(Net_39)
     |   7 |       |      NONE |      HI_Z_ANALOG | Dedicated_Output | Analog(Net_40)
----------------------------------------------------------------------------------------
</CYPRESSTAG>
</CYPRESSTAG>
</CYPRESSTAG>
Digital component placer commit/Report: Elapsed time ==> 0s.041ms
Digital Placement phase: Elapsed time ==> 1s.271ms
</CYPRESSTAG>
<CYPRESSTAG name="Digital Routing">
"C:\Program Files (x86)\Cypress\PSoC Creator\4.4\PSoC Creator\bin/sjrouter.exe" --xml-path "C:\Program Files (x86)\Cypress\PSoC Creator\4.4\PSoC Creator\dev\psoc5/psoc5lp/route_arch-rrg.cydata" --vh2-path "Ultrasonic Distance Meter_r.vh2" --pcf-path "Ultrasonic Distance Meter.pco" --des-name "Ultrasonic Distance Meter" --dsf-path "Ultrasonic Distance Meter.dsf" --sdc-path "Ultrasonic Distance Meter.sdc" --lib-path "Ultrasonic Distance Meter_r.lib"
Routing successful.
Digital Routing phase: Elapsed time ==> 1s.863ms
</CYPRESSTAG>
<CYPRESSTAG name="Bitstream Generation">
Bitstream Generation phase: Elapsed time ==> 0s.281ms
</CYPRESSTAG>
<CYPRESSTAG name="Bitstream Verification">
Bitstream Verification phase: Elapsed time ==> 0s.043ms
</CYPRESSTAG>
<CYPRESSTAG name="Static timing analysis">
Warning: sta.M0021: Ultrasonic Distance Meter_timing.html: Warning-1350: Asynchronous path(s) exist from "Ultrasonic_Drive(routed)" to "Ultrasonic_Drive". See the timing report for details. (File=C:\Users\Kurty\Documents\Ultrasonic GitHub (TRC3500)\Ultrasonic-PSoC\Ultrasonic Sensor Workspace\Ultrasonic Distance Meter.cydsn\Ultrasonic Distance Meter_timing.html)
Timing report is in Ultrasonic Distance Meter_timing.html.
Static timing analysis phase: Elapsed time ==> 0s.475ms
</CYPRESSTAG>
<CYPRESSTAG name="Data reporting">
Data reporting phase: Elapsed time ==> 0s.000ms
</CYPRESSTAG>
<CYPRESSTAG name="Database update...">
Design database save phase: Elapsed time ==> 0s.274ms
</CYPRESSTAG>
cydsfit: Elapsed time ==> 6s.364ms
</CYPRESSTAG>
Fitter phase: Elapsed time ==> 6s.365ms
API generation phase: Elapsed time ==> 1s.784ms
Dependency generation phase: Elapsed time ==> 0s.027ms
Cleanup phase: Elapsed time ==> 0s.000ms
